00:00:00.633923 VirtualBox VM 7.0.10 r158379 win.amd64 (Jul 12 2023 18:34:34) release log
00:00:00.633925 Log opened 2023-09-13T21:40:46.691245800Z
00:00:00.633925 Build Type: release
00:00:00.633928 OS Product: Windows 11
00:00:00.633928 OS Release: 10.0.22621
00:00:00.633929 OS Service Pack: 
00:00:00.784514 DMI Product Name: Latitude 7400 2-in-1
00:00:00.788117 DMI Product Version: 
00:00:00.788145 Firmware type: UEFI
00:00:00.788783 Secure Boot: VERR_PRIVILEGE_NOT_HELD
00:00:00.788812 Host RAM: 16126MB (15.7GB) total, 5164MB (5.0GB) available
00:00:00.788815 Executable: C:\Program Files\Oracle\VirtualBox\VBoxHeadless.exe
00:00:00.788815 Process ID: 12028
00:00:00.788816 Package type: WINDOWS_64BITS_GENERIC
00:00:00.789856 Installed Extension Packs:
00:00:00.789866   None installed!
00:00:00.790960 Console: Machine state changed to 'Starting'
00:00:00.819008 VRDE: VirtualBox Remote Desktop Extension is not available.
00:00:01.016468 SUP: seg #0: R   0x00000000 LB 0x00001000
00:00:01.016495 SUP: seg #1: R X 0x00001000 LB 0x00179000
00:00:01.016499 SUP: seg #2: R   0x0017a000 LB 0x00051000
00:00:01.016502 SUP: seg #3: RW  0x001cb000 LB 0x00013000
00:00:01.016504 SUP: seg #4: R   0x001de000 LB 0x00011000
00:00:01.016507 SUP: seg #5: RW  0x001ef000 LB 0x00004000
00:00:01.016510 SUP: seg #6: R   0x001f3000 LB 0x00010000
00:00:01.016512 SUP: seg #7: R X 0x00203000 LB 0x00002000
00:00:01.016515 SUP: seg #8: R   0x00205000 LB 0x00007000
00:00:01.019752 SUP: Loaded VMMR0.r0 (C:\Program Files\Oracle\VirtualBox/VMMR0.r0) at 0xXXXXXXXXXXXXXXXX - ModuleInit at XXXXXXXXXXXXXXXX and ModuleTerm at XXXXXXXXXXXXXXXX using the native ring-0 loader
00:00:01.019774 SUP: VMMR0EntryEx located at XXXXXXXXXXXXXXXX and VMMR0EntryFast at XXXXXXXXXXXXXXXX
00:00:01.019777 SUP: windbg> .reload /f C:\Program Files\Oracle\VirtualBox/VMMR0.r0=0xXXXXXXXXXXXXXXXX
00:00:01.023255 Guest OS type: 'Ubuntu_64'
00:00:01.023933 fHMForced=true - No raw-mode support in this build!
00:00:01.027777 File system of 'C:\Users\OAustin\VirtualBox VMs\OAustin_default_1694552132603_39058\ubuntu-18.04-amd64-disk001.vmdk' is ntfs
00:00:01.049197 Shared Clipboard: Service loaded
00:00:01.049239 Shared Clipboard: Mode: Off
00:00:01.049496 Shared Clipboard: Service running in headless mode
00:00:01.066931 Drag and drop service loaded
00:00:01.066942 Drag and drop mode: Off
00:00:01.330579 Per-VM extradata API settings:
00:00:01.330591   VBoxInternal2/SharedFoldersEnableSymlinksCreate/vagrant="1"
00:00:01.330781 ************************* CFGM dump *************************
00:00:01.330806 [/] (level 0)
00:00:01.330808   CpuExecutionCap   <integer> = 0x0000000000000064 (100)
00:00:01.330809   EnablePAE         <integer> = 0x0000000000000001 (1)
00:00:01.330810   HMEnabled         <integer> = 0x0000000000000001 (1)
00:00:01.330811   MemBalloonSize    <integer> = 0x0000000000000000 (0, 0 B)
00:00:01.330814   Name              <string>  = "OAustin_default_1694552132603_39058" (cb=36)
00:00:01.330815   NumCPUs           <integer> = 0x0000000000000001 (1)
00:00:01.330816   PageFusionAllowed <integer> = 0x0000000000000000 (0)
00:00:01.330816   RamHoleSize       <integer> = 0x0000000020000000 (536 870 912, 512.0 MiB)
00:00:01.330818   RamSize           <integer> = 0x0000000040000000 (1 073 741 824, 1.0 GiB)
00:00:01.330819   TimerMillies      <integer> = 0x000000000000000a (10)
00:00:01.330820   UUID              <bytes>   = "3f 08 02 77 2f d9 75 40 95 20 2b a4 3c 11 89 b0" (cb=16)
00:00:01.330844 
00:00:01.330844 [/CPUM/] (level 1)
00:00:01.330845   Enable64bit        <integer> = 0x0000000000000001 (1)
00:00:01.330846   GuestCpuName       <string>  = "host" (cb=5)
00:00:01.330846   NestedHWVirt       <integer> = 0x0000000000000000 (0)
00:00:01.330847   PortableCpuIdLevel <integer> = 0x0000000000000000 (0)
00:00:01.330847   SpecCtrl           <integer> = 0x0000000000000000 (0)
00:00:01.330848 
00:00:01.330848 [/CPUM/IsaExts/] (level 2)
00:00:01.330849 
00:00:01.330849 [/DBGC/] (level 1)
00:00:01.330850   GlobalInitScript <string>  = "C:\Users\OAustin\.VirtualBox/dbgc-init" (cb=39)
00:00:01.330850   HistoryFile      <string>  = "C:\Users\OAustin\.VirtualBox/dbgc-history" (cb=42)
00:00:01.330851   LocalInitScript  <string>  = "C:\Users\OAustin\VirtualBox VMs\OAustin_default_1694552132603_39058/dbgc-init" (cb=78)
00:00:01.330851 
00:00:01.330852 [/DBGF/] (level 1)
00:00:01.330852   Path <string>  = "C:\Users\OAustin\VirtualBox VMs\OAustin_default_1694552132603_39058/debug/;C:\Users\OAustin\VirtualBox VMs\OAustin_default_1694552132603_39058/;cache*C:\Users\OAustin\VirtualBox VMs\OAustin_default_1694552132603_39058/dbgcache/;C:\Users\OAustin\" (cb=246)
00:00:01.330853 
00:00:01.330853 [/Devices/] (level 1)
00:00:01.330854 
00:00:01.330854 [/Devices/3c501/] (level 2)
00:00:01.330855 
00:00:01.330855 [/Devices/8237A/] (level 2)
00:00:01.330855 
00:00:01.330856 [/Devices/8237A/0/] (level 3)
00:00:01.330857   Trusted <integer> = 0x0000000000000001 (1)
00:00:01.330857 
00:00:01.330857 [/Devices/GIMDev/] (level 2)
00:00:01.330858 
00:00:01.330858 [/Devices/GIMDev/0/] (level 3)
00:00:01.330859   Trusted <integer> = 0x0000000000000001 (1)
00:00:01.330859 
00:00:01.330859 [/Devices/VMMDev/] (level 2)
00:00:01.330860 
00:00:01.330860 [/Devices/VMMDev/0/] (level 3)
00:00:01.330861   PCIBusNo      <integer> = 0x0000000000000000 (0)
00:00:01.330862   PCIDeviceNo   <integer> = 0x0000000000000004 (4)
00:00:01.330862   PCIFunctionNo <integer> = 0x0000000000000000 (0)
00:00:01.330863   Trusted       <integer> = 0x0000000000000001 (1)
00:00:01.330863 
00:00:01.330863 [/Devices/VMMDev/0/Config/] (level 4)
00:00:01.330864   GuestCoreDumpDir <string>  = "C:\Users\OAustin\VirtualBox VMs\OAustin_default_1694552132603_39058\Snapshots" (cb=78)
00:00:01.330865 
00:00:01.330865 [/Devices/VMMDev/0/LUN#0/] (level 4)
00:00:01.330866   Driver <string>  = "HGCM" (cb=5)
00:00:01.330866 
00:00:01.330866 [/Devices/VMMDev/0/LUN#0/Config/] (level 5)
00:00:01.330867 
00:00:01.330867 [/Devices/VMMDev/0/LUN#999/] (level 4)
00:00:01.330868   Driver <string>  = "MainStatus" (cb=11)
00:00:01.330869 
00:00:01.330869 [/Devices/VMMDev/0/LUN#999/Config/] (level 5)
00:00:01.330870   First                <integer> = 0x0000000000000000 (0)
00:00:01.330870   HasMediumAttachments <integer> = 0x0000000000000000 (0)
00:00:01.330871   Last                 <integer> = 0x0000000000000000 (0)
00:00:01.330872   iLedSet              <integer> = 0x0000000000000004 (4)
00:00:01.330872 
00:00:01.330872 [/Devices/acpi/] (level 2)
00:00:01.330873 
00:00:01.330873 [/Devices/acpi/0/] (level 3)
00:00:01.330874   PCIBusNo      <integer> = 0x0000000000000000 (0)
00:00:01.330875   PCIDeviceNo   <integer> = 0x0000000000000007 (7)
00:00:01.330875   PCIFunctionNo <integer> = 0x0000000000000000 (0)
00:00:01.330876   Trusted       <integer> = 0x0000000000000001 (1)
00:00:01.330876 
00:00:01.330876 [/Devices/acpi/0/Config/] (level 4)
00:00:01.330878   CpuHotPlug          <integer> = 0x0000000000000000 (0)
00:00:01.330878   FdcEnabled          <integer> = 0x0000000000000000 (0)
00:00:01.330879   HostBusPciAddress   <integer> = 0x0000000000000000 (0)
00:00:01.330879   HpetEnabled         <integer> = 0x0000000000000000 (0)
00:00:01.330880   IOAPIC              <integer> = 0x0000000000000001 (1)
00:00:01.330880   IocPciAddress       <integer> = 0x0000000000010000 (65 536)
00:00:01.330881   NumCPUs             <integer> = 0x0000000000000001 (1)
00:00:01.330882   Parallel0IoPortBase <integer> = 0x0000000000000000 (0)
00:00:01.330882   Parallel0Irq        <integer> = 0x0000000000000000 (0)
00:00:01.330886   Parallel1IoPortBase <integer> = 0x0000000000000000 (0)
00:00:01.330886   Parallel1Irq        <integer> = 0x0000000000000000 (0)
00:00:01.330887   Serial0IoPortBase   <integer> = 0x0000000000000000 (0)
00:00:01.330887   Serial0Irq          <integer> = 0x0000000000000000 (0)
00:00:01.330888   Serial1IoPortBase   <integer> = 0x0000000000000000 (0)
00:00:01.330888   Serial1Irq          <integer> = 0x0000000000000000 (0)
00:00:01.330889   ShowCpu             <integer> = 0x0000000000000001 (1)
00:00:01.330889   ShowRtc             <integer> = 0x0000000000000000 (0)
00:00:01.330890   SmcEnabled          <integer> = 0x0000000000000000 (0)
00:00:01.330890 
00:00:01.330891 [/Devices/acpi/0/LUN#0/] (level 4)
00:00:01.330891   Driver <string>  = "ACPIHost" (cb=9)
00:00:01.330892 
00:00:01.330892 [/Devices/acpi/0/LUN#0/Config/] (level 5)
00:00:01.330893 
00:00:01.330893 [/Devices/ahci/] (level 2)
00:00:01.330894 
00:00:01.330894 [/Devices/ahci/0/] (level 3)
00:00:01.330895   PCIBusNo      <integer> = 0x0000000000000000 (0)
00:00:01.330895   PCIDeviceNo   <integer> = 0x000000000000000d (13)
00:00:01.330896   PCIFunctionNo <integer> = 0x0000000000000000 (0)
00:00:01.330896   Trusted       <integer> = 0x0000000000000001 (1)
00:00:01.330897 
00:00:01.330897 [/Devices/ahci/0/Config/] (level 4)
00:00:01.330898   Bootable  <integer> = 0x0000000000000001 (1)
00:00:01.330898   PortCount <integer> = 0x0000000000000001 (1)
00:00:01.330899 
00:00:01.330899 [/Devices/ahci/0/Config/Port0/] (level 5)
00:00:01.330900   Hotpluggable <integer> = 0x0000000000000000 (0)
00:00:01.330900 
00:00:01.330900 [/Devices/ahci/0/LUN#0/] (level 4)
00:00:01.330901   Driver <string>  = "VD" (cb=3)
00:00:01.330901 
00:00:01.330902 [/Devices/ahci/0/LUN#0/Config/] (level 5)
00:00:01.330903   BlockCache <integer> = 0x0000000000000001 (1)
00:00:01.330903   Format     <string>  = "VMDK" (cb=5)
00:00:01.330904   Mountable  <integer> = 0x0000000000000000 (0)
00:00:01.330904   Path       <string>  = "C:\Users\OAustin\VirtualBox VMs\OAustin_default_1694552132603_39058\ubuntu-18.04-amd64-disk001.vmdk" (cb=100)
00:00:01.330905   Type       <string>  = "HardDisk" (cb=9)
00:00:01.330905   UseNewIo   <integer> = 0x0000000000000001 (1)
00:00:01.330906 
00:00:01.330906 [/Devices/ahci/0/LUN#0/Config/VDConfig/] (level 6)
00:00:01.330907 
00:00:01.330907 [/Devices/ahci/0/LUN#999/] (level 4)
00:00:01.330908   Driver <string>  = "MainStatus" (cb=11)
00:00:01.330908 
00:00:01.330908 [/Devices/ahci/0/LUN#999/Config/] (level 5)
00:00:01.330910   DeviceInstance       <string>  = "ahci/0" (cb=7)
00:00:01.330910   First                <integer> = 0x0000000000000000 (0)
00:00:01.330911   HasMediumAttachments <integer> = 0x0000000000000001 (1)
00:00:01.330911   Last                 <integer> = 0x0000000000000000 (0)
00:00:01.330912   iLedSet              <integer> = 0x0000000000000002 (2)
00:00:01.330912 
00:00:01.330912 [/Devices/apic/] (level 2)
00:00:01.330913 
00:00:01.330913 [/Devices/apic/0/] (level 3)
00:00:01.330914   Trusted <integer> = 0x0000000000000001 (1)
00:00:01.330914 
00:00:01.330915 [/Devices/apic/0/Config/] (level 4)
00:00:01.330915   IOAPIC  <integer> = 0x0000000000000001 (1)
00:00:01.330916   Mode    <integer> = 0x0000000000000003 (3)
00:00:01.330916   NumCPUs <integer> = 0x0000000000000001 (1)
00:00:01.330917 
00:00:01.330917 [/Devices/dp8390/] (level 2)
00:00:01.330918 
00:00:01.330918 [/Devices/e1000/] (level 2)
00:00:01.330918 
00:00:01.330919 [/Devices/e1000/0/] (level 3)
00:00:01.330919   PCIBusNo      <integer> = 0x0000000000000000 (0)
00:00:01.330920   PCIDeviceNo   <integer> = 0x0000000000000003 (3)
00:00:01.330920   PCIFunctionNo <integer> = 0x0000000000000000 (0)
00:00:01.330921   Trusted       <integer> = 0x0000000000000001 (1)
00:00:01.330921 
00:00:01.330921 [/Devices/e1000/0/Config/] (level 4)
00:00:01.330922   AdapterType    <integer> = 0x0000000000000000 (0)
00:00:01.330922   CableConnected <integer> = 0x0000000000000001 (1)
00:00:01.330923   LineSpeed      <integer> = 0x0000000000000000 (0)
00:00:01.330923   MAC            <bytes>   = "08 00 27 bb 14 75" (cb=6)
00:00:01.330924 
00:00:01.330925 [/Devices/e1000/0/LUN#0/] (level 4)
00:00:01.330925   Driver <string>  = "NAT" (cb=4)
00:00:01.330926 
00:00:01.330926 [/Devices/e1000/0/LUN#0/Config/] (level 5)
00:00:01.330927   AliasMode          <integer> = 0x0000000000000000 (0)
00:00:01.330927   BootFile           <string>  = "OAustin_default_1694552132603_39058.pxe" (cb=40)
00:00:01.330928   DNSProxy           <integer> = 0x0000000000000001 (1)
00:00:01.330929   LocalhostReachable <integer> = 0x0000000000000001 (1)
00:00:01.330929   Network            <string>  = "10.0.2.0/24" (cb=12)
00:00:01.330930   PassDomain         <integer> = 0x0000000000000001 (1)
00:00:01.330930   TFTPPrefix         <string>  = "C:\Users\OAustin\.VirtualBox\TFTP" (cb=34)
00:00:01.330931   UseHostResolver    <integer> = 0x0000000000000000 (0)
00:00:01.330931 
00:00:01.330931 [/Devices/e1000/0/LUN#0/Config/PortForwarding/] (level 6)
00:00:01.330933 
00:00:01.330933 [/Devices/e1000/0/LUN#0/Config/PortForwarding/0/] (level 7)
00:00:01.330934   BindIP    <string>  = "127.0.0.1" (cb=10)
00:00:01.330935   GuestPort <integer> = 0x0000000000000016 (22)
00:00:01.330935   HostPort  <integer> = 0x00000000000008ae (2 222)
00:00:01.330936   Name      <string>  = "ssh" (cb=4)
00:00:01.330936   Protocol  <string>  = "TCP" (cb=4)
00:00:01.330937 
00:00:01.330937 [/Devices/e1000/0/LUN#999/] (level 4)
00:00:01.330937   Driver <string>  = "MainStatus" (cb=11)
00:00:01.330938 
00:00:01.330938 [/Devices/e1000/0/LUN#999/Config/] (level 5)
00:00:01.330939   First                <integer> = 0x0000000000000000 (0)
00:00:01.330939   HasMediumAttachments <integer> = 0x0000000000000000 (0)
00:00:01.330940   Last                 <integer> = 0x0000000000000000 (0)
00:00:01.330940   iLedSet              <integer> = 0x0000000000000003 (3)
00:00:01.330941 
00:00:01.330941 [/Devices/i8254/] (level 2)
00:00:01.330942 
00:00:01.330942 [/Devices/i8254/0/] (level 3)
00:00:01.330943 
00:00:01.330943 [/Devices/i8254/0/Config/] (level 4)
00:00:01.330943 
00:00:01.330944 [/Devices/i8259/] (level 2)
00:00:01.330944 
00:00:01.330944 [/Devices/i8259/0/] (level 3)
00:00:01.330945   Trusted <integer> = 0x0000000000000001 (1)
00:00:01.330945 
00:00:01.330946 [/Devices/i8259/0/Config/] (level 4)
00:00:01.330946 
00:00:01.330947 [/Devices/ioapic/] (level 2)
00:00:01.330947 
00:00:01.330947 [/Devices/ioapic/0/] (level 3)
00:00:01.330948   Trusted <integer> = 0x0000000000000001 (1)
00:00:01.330948 
00:00:01.330949 [/Devices/ioapic/0/Config/] (level 4)
00:00:01.330949   NumCPUs <integer> = 0x0000000000000001 (1)
00:00:01.330950 
00:00:01.330950 [/Devices/mc146818/] (level 2)
00:00:01.330950 
00:00:01.330951 [/Devices/mc146818/0/] (level 3)
00:00:01.330951 
00:00:01.330951 [/Devices/mc146818/0/Config/] (level 4)
00:00:01.330952   UseUTC <integer> = 0x0000000000000001 (1)
00:00:01.330953 
00:00:01.330953 [/Devices/parallel/] (level 2)
00:00:01.330953 
00:00:01.330953 [/Devices/pcarch/] (level 2)
00:00:01.330954 
00:00:01.330954 [/Devices/pcarch/0/] (level 3)
00:00:01.330955   Trusted <integer> = 0x0000000000000001 (1)
00:00:01.330955 
00:00:01.330955 [/Devices/pcarch/0/Config/] (level 4)
00:00:01.330956 
00:00:01.330956 [/Devices/pcbios/] (level 2)
00:00:01.330957 
00:00:01.330957 [/Devices/pcbios/0/] (level 3)
00:00:01.330958   Trusted <integer> = 0x0000000000000001 (1)
00:00:01.330958 
00:00:01.330958 [/Devices/pcbios/0/Config/] (level 4)
00:00:01.330960   APIC               <integer> = 0x0000000000000001 (1)
00:00:01.330960   BootDevice0        <string>  = "IDE" (cb=4)
00:00:01.330961   BootDevice1        <string>  = "DVD" (cb=4)
00:00:01.330961   BootDevice2        <string>  = "NONE" (cb=5)
00:00:01.330962   BootDevice3        <string>  = "NONE" (cb=5)
00:00:01.330962   FloppyDevice       <string>  = "i82078" (cb=7)
00:00:01.330963   HardDiskDevice     <string>  = "piix3ide" (cb=9)
00:00:01.330963   IOAPIC             <integer> = 0x0000000000000001 (1)
00:00:01.330964   McfgBase           <integer> = 0x0000000000000000 (0)
00:00:01.330964   McfgLength         <integer> = 0x0000000000000000 (0)
00:00:01.330965   NumCPUs            <integer> = 0x0000000000000001 (1)
00:00:01.330965   PXEDebug           <integer> = 0x0000000000000000 (0)
00:00:01.330966   SataHardDiskDevice <string>  = "ahci" (cb=5)
00:00:01.330966   SataLUN1           <integer> = 0x0000000000000000 (0)
00:00:01.330967   UUID               <bytes>   = "3f 08 02 77 2f d9 75 40 95 20 2b a4 3c 11 89 b0" (cb=16)
00:00:01.330968   UuidLe             <integer> = 0x0000000000000000 (0)
00:00:01.330969 
00:00:01.330969 [/Devices/pcbios/0/Config/NetBoot/] (level 5)
00:00:01.330970 
00:00:01.330970 [/Devices/pcbios/0/Config/NetBoot/0/] (level 6)
00:00:01.330971   NIC           <integer> = 0x0000000000000000 (0)
00:00:01.330971   PCIBusNo      <integer> = 0x0000000000000000 (0)
00:00:01.330972   PCIDeviceNo   <integer> = 0x0000000000000003 (3)
00:00:01.330972   PCIFunctionNo <integer> = 0x0000000000000000 (0)
00:00:01.330973 
00:00:01.330973 [/Devices/pci/] (level 2)
00:00:01.330974 
00:00:01.330974 [/Devices/pci/0/] (level 3)
00:00:01.330974   Trusted <integer> = 0x0000000000000001 (1)
00:00:01.330975 
00:00:01.330975 [/Devices/pci/0/Config/] (level 4)
00:00:01.330976   IOAPIC <integer> = 0x0000000000000001 (1)
00:00:01.330976 
00:00:01.330976 [/Devices/pcibridge/] (level 2)
00:00:01.330977 
00:00:01.330977 [/Devices/pckbd/] (level 2)
00:00:01.330978 
00:00:01.330978 [/Devices/pckbd/0/] (level 3)
00:00:01.330978   Trusted <integer> = 0x0000000000000001 (1)
00:00:01.330979 
00:00:01.330979 [/Devices/pckbd/0/Config/] (level 4)
00:00:01.330980 
00:00:01.330980 [/Devices/pckbd/0/LUN#0/] (level 4)
00:00:01.330981   Driver <string>  = "KeyboardQueue" (cb=14)
00:00:01.330981 
00:00:01.330981 [/Devices/pckbd/0/LUN#0/AttachedDriver/] (level 5)
00:00:01.330982   Driver <string>  = "MainKeyboard" (cb=13)
00:00:01.330983 
00:00:01.330983 [/Devices/pckbd/0/LUN#0/Config/] (level 5)
00:00:01.330984   QueueSize <integer> = 0x0000000000000040 (64, 64 B)
00:00:01.330984 
00:00:01.330985 [/Devices/pckbd/0/LUN#1/] (level 4)
00:00:01.330985   Driver <string>  = "MouseQueue" (cb=11)
00:00:01.330986 
00:00:01.330986 [/Devices/pckbd/0/LUN#1/AttachedDriver/] (level 5)
00:00:01.330987   Driver <string>  = "MainMouse" (cb=10)
00:00:01.330987 
00:00:01.330987 [/Devices/pckbd/0/LUN#1/Config/] (level 5)
00:00:01.330988   QueueSize <integer> = 0x0000000000000080 (128, 128 B)
00:00:01.330989 
00:00:01.330989 [/Devices/pcnet/] (level 2)
00:00:01.330990 
00:00:01.330990 [/Devices/piix3ide/] (level 2)
00:00:01.330990 
00:00:01.330991 [/Devices/piix3ide/0/] (level 3)
00:00:01.330991   PCIBusNo      <integer> = 0x0000000000000000 (0)
00:00:01.330992   PCIDeviceNo   <integer> = 0x0000000000000001 (1)
00:00:01.330992   PCIFunctionNo <integer> = 0x0000000000000001 (1)
00:00:01.330993   Trusted       <integer> = 0x0000000000000001 (1)
00:00:01.330993 
00:00:01.330993 [/Devices/piix3ide/0/Config/] (level 4)
00:00:01.330994   Type <string>  = "PIIX4" (cb=6)
00:00:01.330994 
00:00:01.330995 [/Devices/piix3ide/0/LUN#999/] (level 4)
00:00:01.330995   Driver <string>  = "MainStatus" (cb=11)
00:00:01.330996 
00:00:01.330996 [/Devices/piix3ide/0/LUN#999/Config/] (level 5)
00:00:01.330997   DeviceInstance       <string>  = "piix3ide/0" (cb=11)
00:00:01.330997   First                <integer> = 0x0000000000000000 (0)
00:00:01.330998   HasMediumAttachments <integer> = 0x0000000000000001 (1)
00:00:01.330998   Last                 <integer> = 0x0000000000000003 (3)
00:00:01.330999   iLedSet              <integer> = 0x0000000000000001 (1)
00:00:01.330999 
00:00:01.331000 [/Devices/serial/] (level 2)
00:00:01.331000 
00:00:01.331000 [/Devices/vga/] (level 2)
00:00:01.331001 
00:00:01.331001 [/Devices/vga/0/] (level 3)
00:00:01.331002   PCIBusNo      <integer> = 0x0000000000000000 (0)
00:00:01.331002   PCIDeviceNo   <integer> = 0x0000000000000002 (2)
00:00:01.331003   PCIFunctionNo <integer> = 0x0000000000000000 (0)
00:00:01.331003   Trusted       <integer> = 0x0000000000000001 (1)
00:00:01.331004 
00:00:01.331004 [/Devices/vga/0/Config/] (level 4)
00:00:01.331005   3DEnabled        <integer> = 0x0000000000000000 (0)
00:00:01.331005   CustomVideoModes <integer> = 0x0000000000000000 (0)
00:00:01.331006   FadeIn           <integer> = 0x0000000000000001 (1)
00:00:01.331006   FadeOut          <integer> = 0x0000000000000001 (1)
00:00:01.331007   HeightReduction  <integer> = 0x0000000000000000 (0)
00:00:01.331007   LogoFile         <string>  = "" (cb=1)
00:00:01.331008   LogoTime         <integer> = 0x0000000000000000 (0)
00:00:01.331008   MonitorCount     <integer> = 0x0000000000000001 (1)
00:00:01.331009   ShowBootMenu     <integer> = 0x0000000000000002 (2)
00:00:01.331009   VRamSize         <integer> = 0x0000000000800000 (8 388 608, 8.0 MiB)
00:00:01.331010 
00:00:01.331011 [/Devices/vga/0/LUN#0/] (level 4)
00:00:01.331011   Driver <string>  = "MainDisplay" (cb=12)
00:00:01.331012 
00:00:01.331012 [/Devices/vga/0/LUN#0/Config/] (level 5)
00:00:01.331012 
00:00:01.331013 [/Devices/vga/0/LUN#999/] (level 4)
00:00:01.331013   Driver <string>  = "MainStatus" (cb=11)
00:00:01.331014 
00:00:01.331014 [/Devices/vga/0/LUN#999/Config/] (level 5)
00:00:01.331015   First                <integer> = 0x0000000000000000 (0)
00:00:01.331015   HasMediumAttachments <integer> = 0x0000000000000000 (0)
00:00:01.331016   Last                 <integer> = 0x0000000000000000 (0)
00:00:01.331016   iLedSet              <integer> = 0x0000000000000000 (0)
00:00:01.331017 
00:00:01.331017 [/Devices/virtio-net/] (level 2)
00:00:01.331018 
00:00:01.331018 [/EM/] (level 1)
00:00:01.331019   TripleFaultReset <integer> = 0x0000000000000000 (0)
00:00:01.331019 
00:00:01.331019 [/GCM/] (level 1)
00:00:01.331020   FixerSet <integer> = 0x0000000000000000 (0)
00:00:01.331020 
00:00:01.331020 [/GIM/] (level 1)
00:00:01.331021   Provider <string>  = "KVM" (cb=4)
00:00:01.331021 
00:00:01.331021 [/HM/] (level 1)
00:00:01.331022   64bitEnabled        <integer> = 0x0000000000000001 (1)
00:00:01.331023   EnableLargePages    <integer> = 0x0000000000000000 (0)
00:00:01.331023   EnableNestedPaging  <integer> = 0x0000000000000001 (1)
00:00:01.331024   EnableUX            <integer> = 0x0000000000000001 (1)
00:00:01.331024   EnableVPID          <integer> = 0x0000000000000001 (1)
00:00:01.331025   Exclusive           <integer> = 0x0000000000000000 (0)
00:00:01.331025   HMForced            <integer> = 0x0000000000000001 (1)
00:00:01.331026   IBPBOnVMEntry       <integer> = 0x0000000000000000 (0)
00:00:01.331026   IBPBOnVMExit        <integer> = 0x0000000000000000 (0)
00:00:01.331027   L1DFlushOnSched     <integer> = 0x0000000000000001 (1)
00:00:01.331027   L1DFlushOnVMEntry   <integer> = 0x0000000000000000 (0)
00:00:01.331028   MDSClearOnSched     <integer> = 0x0000000000000001 (1)
00:00:01.331028   MDSClearOnVMEntry   <integer> = 0x0000000000000000 (0)
00:00:01.331029   SpecCtrlByHost      <integer> = 0x0000000000000000 (0)
00:00:01.331029   SvmVirtVmsaveVmload <integer> = 0x0000000000000000 (0)
00:00:01.331030   UseNEMInstead       <integer> = 0x0000000000000000 (0)
00:00:01.331030 
00:00:01.331030 [/MM/] (level 1)
00:00:01.331031   CanUseLargerHeap <integer> = 0x0000000000000000 (0)
00:00:01.331031 
00:00:01.331032 [/NEM/] (level 1)
00:00:01.331032   Allow64BitGuests <integer> = 0x0000000000000001 (1)
00:00:01.331032 
00:00:01.331033 [/PDM/] (level 1)
00:00:01.331033 
00:00:01.331033 [/PDM/AsyncCompletion/] (level 2)
00:00:01.331034 
00:00:01.331034 [/PDM/AsyncCompletion/File/] (level 3)
00:00:01.331035 
00:00:01.331035 [/PDM/AsyncCompletion/File/BwGroups/] (level 4)
00:00:01.331036 
00:00:01.331036 [/PDM/BlkCache/] (level 2)
00:00:01.331037   CacheSize <integer> = 0x0000000000500000 (5 242 880, 5.0 MiB)
00:00:01.331037 
00:00:01.331037 [/PDM/Devices/] (level 2)
00:00:01.331038 
00:00:01.331038 [/PDM/Drivers/] (level 2)
00:00:01.331039 
00:00:01.331039 [/PDM/Drivers/VBoxC/] (level 3)
00:00:01.331040   Path <string>  = "VBoxC" (cb=6)
00:00:01.331040 
00:00:01.331040 [/PDM/NetworkShaper/] (level 2)
00:00:01.331041 
00:00:01.331041 [/PDM/NetworkShaper/BwGroups/] (level 3)
00:00:01.331042 
00:00:01.331042 [/TM/] (level 1)
00:00:01.331042   UTCOffset <integer> = 0x0000000000000000 (0)
00:00:01.331043 
00:00:01.331043 ********************* End of CFGM dump **********************
00:00:01.331294 HM: HMR3Init: VT-x w/ nested paging and unrestricted guest execution hw support
00:00:01.331570 CPUM: fXStateHostMask=0x7; initial: 0x7; host XCR0=0x1f
00:00:01.333122 CPUM: Matched host CPU INTEL 0x6/0x8e/0xc Intel_Core7_CoffeeLake with CPU DB entry 'Intel Core i7-6700K' (INTEL 0x6/0x5e/0x3 Intel_Core7_Skylake)
00:00:01.333397 CPUM: MXCSR_MASK=0xffff (host: 0xffff)
00:00:01.333470 CPUM: Microcode revision 0x000000F4
00:00:01.333544 CPUM: Changing leaf 13[0]: EBX=0x440 -> 0x340, ECX=0x440 -> 0x340
00:00:01.333593 CPUM: MSR/CPUID reconciliation insert: 0x0000010b IA32_FLUSH_CMD
00:00:01.333599 CPUM: MSR/CPUID reconciliation insert: 0x0000010a IA32_ARCH_CAPABILITIES
00:00:01.333603 CPUM: MSR fudge: 0x00000001 IA32_P5_MC_TYPE
00:00:01.333606 CPUM: MSR fudge: 0x00000017 IA32_PLATFORM_ID
00:00:01.333609 CPUM: MSR fudge: 0x0000001b IA32_APIC_BASE
00:00:01.333612 CPUM: MSR fudge: 0x0000008b BIOS_SIGN
00:00:01.333615 CPUM: MSR fudge: 0x000000fe IA32_MTRRCAP
00:00:01.333617 CPUM: MSR fudge: 0x00000179 IA32_MCG_CAP
00:00:01.333620 CPUM: MSR fudge: 0x0000017a IA32_MCG_STATUS
00:00:01.333623 CPUM: MSR fudge: 0x000001a0 IA32_MISC_ENABLE
00:00:01.333626 CPUM: MSR fudge: 0x000001d9 IA32_DEBUGCTL
00:00:01.333629 CPUM: MSR fudge: 0x000001db P6_LAST_BRANCH_FROM_IP
00:00:01.333631 CPUM: MSR fudge: 0x000001dc P6_LAST_BRANCH_TO_IP
00:00:01.333634 CPUM: MSR fudge: 0x000001dd P6_LAST_INT_FROM_IP
00:00:01.333636 CPUM: MSR fudge: 0x000001de P6_LAST_INT_TO_IP
00:00:01.333639 CPUM: MSR fudge: 0x00000277 IA32_PAT
00:00:01.333642 CPUM: MSR fudge: 0x000002ff IA32_MTRR_DEF_TYPE
00:00:01.333645 CPUM: MSR fudge: 0x00000400 IA32_MCi_CTL_STATUS_ADDR_MISC
00:00:01.333648 CPUM: MSR fudge: 0xc0000103 AMD64_TSC_AUX
00:00:01.333652 CPUM: MSR fudge: 0x00000122 IA32_TSX_CTRL
00:00:01.333705 CPUM: SetGuestCpuIdFeature: Enabled SYSENTER/EXIT
00:00:01.333709 CPUM: SetGuestCpuIdFeature: Enabled SYSCALL/RET
00:00:01.333712 CPUM: SetGuestCpuIdFeature: Enabled PAE
00:00:01.333714 CPUM: SetGuestCpuIdFeature: Enabled LAHF/SAHF
00:00:01.333717 CPUM: SetGuestCpuIdFeature: Enabled NX
00:00:01.333720 CPUM: SetGuestCpuIdFeature: Enabled LONG MODE
00:00:01.335506 PGM: Host paging mode: AMD64+NX
00:00:01.335585 PGM: PGMPool: cMaxPages=768 (u64MaxPages=545)
00:00:01.335592 PGM: pgmR3PoolInit: cMaxPages=0x300 cMaxUsers=0x600 cMaxPhysExts=0x600 fCacheEnable=true
00:00:01.360602 TM: GIP - u32Mode=3 (Invariant) u32UpdateHz=93 u32UpdateIntervalNS=10741500 enmUseTscDelta=2 (Practically Zero) fGetGipCpu=0x1b cCpus=8
00:00:01.360623 TM: GIP - u64CpuHz=2 111 999 642 (0x7de28e9a)  SUPGetCpuHzFromGip => 2 111 999 642
00:00:01.360629 TM: GIP - CPU: iCpuSet=0x0 idCpu=0x0 idApic=0x0 iGipCpu=0x0 i64TSCDelta=0 enmState=3 u64CpuHz=2111999642(*) cErrors=0
00:00:01.360636 TM: GIP - CPU: iCpuSet=0x1 idCpu=0x1 idApic=0x1 iGipCpu=0x1 i64TSCDelta=0 enmState=3 u64CpuHz=2111991681(*) cErrors=0
00:00:01.360660 TM: GIP - CPU: iCpuSet=0x2 idCpu=0x2 idApic=0x2 iGipCpu=0x6 i64TSCDelta=0 enmState=3 u64CpuHz=2111999502(*) cErrors=0
00:00:01.360665 TM: GIP - CPU: iCpuSet=0x3 idCpu=0x3 idApic=0x3 iGipCpu=0x7 i64TSCDelta=0 enmState=3 u64CpuHz=2111999575(*) cErrors=0
00:00:01.360669 TM: GIP - CPU: iCpuSet=0x4 idCpu=0x4 idApic=0x4 iGipCpu=0x5 i64TSCDelta=0 enmState=3 u64CpuHz=2111999447(*) cErrors=0
00:00:01.360673 TM: GIP - CPU: iCpuSet=0x5 idCpu=0x5 idApic=0x5 iGipCpu=0x2 i64TSCDelta=0 enmState=3 u64CpuHz=2111995848(*) cErrors=0
00:00:01.360677 TM: GIP - CPU: iCpuSet=0x6 idCpu=0x6 idApic=0x6 iGipCpu=0x4 i64TSCDelta=0 enmState=3 u64CpuHz=2111999354(*) cErrors=0
00:00:01.360681 TM: GIP - CPU: iCpuSet=0x7 idCpu=0x7 idApic=0x7 iGipCpu=0x3 i64TSCDelta=0 enmState=3 u64CpuHz=2111999244(*) cErrors=0
00:00:01.360806 TM:     cTSCTicksPerSecond=2 111 999 642 (0x7de28e9a) enmTSCMode=3 (Dynamic)
00:00:01.360808 TM: cTSCTicksPerSecondHost=2 111 999 642 (0x7de28e9a)
00:00:01.360809 TM: TSCTiedToExecution=false TSCNotTiedToHalt=false
00:00:01.362675 EMR3Init: fIemExecutesAll=false fGuruOnTripleFault=true
00:00:01.363445 IEM: TargetCpu=CURRENT, Microarch=Intel_Core7_CoffeeLake aidxTargetCpuEflFlavour={1,0}
00:00:01.363906 GIM: Using provider 'KVM' (Implementation version: 0)
00:00:01.363941 CPUM: SetGuestCpuIdFeature: Enabled Hypervisor Present bit
00:00:01.364125 GCM: Initialized (fixer bits: 0x0)
00:00:01.364389 AIOMgr: Default manager type is 'Async'
00:00:01.364395 AIOMgr: Default file backend is 'NonBuffered'
00:00:01.364729 BlkCache: Cache successfully initialized. Cache size is 5242880 bytes
00:00:01.364736 BlkCache: Cache commit interval is 10000 ms
00:00:01.364739 BlkCache: Cache commit threshold is 2621440 bytes
00:00:02.316055 PcBios: [SMP] BIOS with 1 CPUs
00:00:02.316178 PcBios: Using the 386+ BIOS image.
00:00:02.316613 PcBios: MPS table at 000e1300
00:00:02.323032 PcBios: fCheckShutdownStatusForSoftReset=true  fClearShutdownStatusOnHardReset=true
00:00:02.434405 SUP: seg #0: R   0x00000000 LB 0x00001000
00:00:02.434431 SUP: seg #1: R X 0x00001000 LB 0x0002b000
00:00:02.434434 SUP: seg #2: R   0x0002c000 LB 0x00011000
00:00:02.434437 SUP: seg #3: RW  0x0003d000 LB 0x00001000
00:00:02.434440 SUP: seg #4: R   0x0003e000 LB 0x00003000
00:00:02.434442 SUP: seg #5: RW  0x00041000 LB 0x00001000
00:00:02.434445 SUP: seg #6: R   0x00042000 LB 0x00001000
00:00:02.434448 SUP: seg #7: R X 0x00043000 LB 0x00001000
00:00:02.434450 SUP: seg #8: R   0x00044000 LB 0x00002000
00:00:02.435115 SUP: Loaded VBoxDDR0.r0 (C:\Program Files\Oracle\VirtualBox/VBoxDDR0.r0) at 0xXXXXXXXXXXXXXXXX - ModuleInit at XXXXXXXXXXXXXXXX and ModuleTerm at XXXXXXXXXXXXXXXX using the native ring-0 loader
00:00:02.435123 SUP: windbg> .reload /f C:\Program Files\Oracle\VirtualBox/VBoxDDR0.r0=0xXXXXXXXXXXXXXXXX
00:00:02.436221 CPUM: SetGuestCpuIdFeature: Enabled xAPIC
00:00:02.436229 CPUM: SetGuestCpuIdFeature: Enabled x2APIC
00:00:02.437558 IOAPIC: Version=2.0 ChipType=ICH9
00:00:02.437895 PIT: mode=3 count=0x10000 (65536) - 18.20 Hz (ch=0)
00:00:02.438249 VMMDev: cbDefaultBudget: 704 596 650 (29ff4aaa)
00:00:02.473100 Shared Folders service loaded
00:00:02.494529 Guest Control service loaded
00:00:02.531259 VGA: Using the 386+ BIOS image.
00:00:02.539284 DrvVD: Flushes will be ignored
00:00:02.539296 DrvVD: Async flushes will be passed to the disk
00:00:02.540723 VD: VDInit finished with VINF_SUCCESS
00:00:02.541897 AIOMgr: Endpoint for file 'C:\Users\OAustin\VirtualBox VMs\OAustin_default_1694552132603_39058\ubuntu-18.04-amd64-disk001.vmdk' (flags 000c0723) created successfully
00:00:02.555294 AIOMgr: Async flushes not supported
00:00:02.555451 VD: Opening the disk took 15084094 ns
00:00:02.555801 AHCI: LUN#0: disk, PCHS=16383/16/63, total number of sectors 134217728
00:00:02.556342 AHCI#0: Reset the HBA
00:00:02.556371 VD#0: Cancelling all active requests
00:00:02.568508 PIIX3 ATA: LUN#0: no unit
00:00:02.568541 PIIX3 ATA: LUN#1: no unit
00:00:02.568572 PIIX3 ATA: LUN#2: no unit
00:00:02.568577 PIIX3 ATA: LUN#3: no unit
00:00:02.568789 PIIX3 ATA: Ctl#0: finished processing RESET
00:00:02.568939 PIIX3 ATA: Ctl#1: finished processing RESET
00:00:02.569125 E1000#0: Chip=82540EM LinkUpDelay=5000ms EthernetCRC=on GSO=enabled Itr=disabled ItrRx=enabled TID=disabled R0=enabled RC=disabled
00:00:02.587905 NAT: Guest address guess set to 10.0.2.15 by initialization
00:00:02.624925 NAT: DNS#0: 10.1.17.11
00:00:02.624937 NAT: DNS#1: 10.1.17.12
00:00:02.666081 NAT: Set redirect TCP 127.0.0.1:2222 -> 0.0.0.0:22
00:00:02.669390 PGM: The CPU physical address width is 39 bits
00:00:02.669399 PGM: PGMR3InitFinalize: 4 MB PSE mask 0000007fffffffff -> VINF_SUCCESS
00:00:02.669405 TM: TMR3InitFinalize: fTSCModeSwitchAllowed=true
00:00:02.670010 VMM: Thread-context hooks unavailable
00:00:02.670018 VMM: RTThreadPreemptIsPending() can be trusted
00:00:02.670037 VMM: Kernel preemption is possible
00:00:02.678435 HM: fWorldSwitcher=0x20000 (fIbpbOnVmExit=false fIbpbOnVmEntry=false fL1dFlushOnVmEntry=false); fL1dFlushOnSched=false fMdsClearOnVmEntry=false
00:00:02.678532 HM: Using VT-x implementation 3.0
00:00:02.678533 HM: Max resume loops                  = 8192
00:00:02.678533 HM: Host CR4                          = 0x370678
00:00:02.678534 HM: Host EFER                         = 0xd01
00:00:02.678534 HM: MSR_IA32_SMM_MONITOR_CTL          = 0x4af80001
00:00:02.678535 HM: Host DR6 zero'ed                  = 0xfffe0ff0 - always intercept MOV DRx
00:00:02.678606 HM: MSR_IA32_FEATURE_CONTROL          = 0x5
00:00:02.678607 HM:   LOCK
00:00:02.678607 HM:   VMXON
00:00:02.678738 HM: MSR_IA32_VMX_BASIC                = 0xda040000000004
00:00:02.678739 HM:   VMCS id                           = 0x4
00:00:02.678740 HM:   VMCS size                         = 1024 bytes
00:00:02.678740 HM:   VMCS physical address limit       = None
00:00:02.678757 HM:   VMCS memory type                  = Write Back (WB)
00:00:02.678757 HM:   Dual-monitor treatment support    = true
00:00:02.678758 HM:   OUTS & INS instruction-info       = true
00:00:02.678758 HM:   Supports true-capability MSRs     = true
00:00:02.678758 HM:   VM-entry Xcpt error-code optional = false
00:00:02.678759 HM: MSR_IA32_VMX_PINBASED_CTLS        = 0x7f00000016
00:00:02.678759 HM:   EXT_INT_EXIT
00:00:02.678759 HM:   NMI_EXIT
00:00:02.678760 HM:   VIRTUAL_NMI
00:00:02.678760 HM:   PREEMPT_TIMER
00:00:02.678760 HM:   POSTED_INT (must be cleared)
00:00:02.678849 HM: MSR_IA32_VMX_PROCBASED_CTLS       = 0xfff9fffe0401e172
00:00:02.678850 HM:   INT_WINDOW_EXIT
00:00:02.678850 HM:   USE_TSC_OFFSETTING
00:00:02.678851 HM:   HLT_EXIT
00:00:02.678851 HM:   INVLPG_EXIT
00:00:02.678851 HM:   MWAIT_EXIT
00:00:02.678852 HM:   RDPMC_EXIT
00:00:02.678852 HM:   RDTSC_EXIT
00:00:02.678852 HM:   CR3_LOAD_EXIT (must be set)
00:00:02.678852 HM:   CR3_STORE_EXIT (must be set)
00:00:02.678853 HM:   USE_TERTIARY_CTLS (must be cleared)
00:00:02.678853 HM:   CR8_LOAD_EXIT
00:00:02.678853 HM:   CR8_STORE_EXIT
00:00:02.678854 HM:   USE_TPR_SHADOW
00:00:02.678909 HM:   NMI_WINDOW_EXIT
00:00:02.678909 HM:   MOV_DR_EXIT
00:00:02.678909 HM:   UNCOND_IO_EXIT
00:00:02.678909 HM:   USE_IO_BITMAPS
00:00:02.678909 HM:   MONITOR_TRAP_FLAG
00:00:02.678910 HM:   USE_MSR_BITMAPS
00:00:02.678910 HM:   MONITOR_EXIT
00:00:02.678910 HM:   PAUSE_EXIT
00:00:02.678910 HM:   USE_SECONDARY_CTLS
00:00:02.678910 HM: MSR_IA32_VMX_PROCBASED_CTLS2      = 0x5ffcff00000000
00:00:02.678911 HM:   VIRT_APIC_ACCESS
00:00:02.678911 HM:   EPT
00:00:02.678912 HM:   DESC_TABLE_EXIT
00:00:02.678912 HM:   RDTSCP
00:00:02.678912 HM:   VIRT_X2APIC_MODE
00:00:02.678912 HM:   VPID
00:00:02.678912 HM:   WBINVD_EXIT
00:00:02.678913 HM:   UNRESTRICTED_GUEST
00:00:02.678913 HM:   APIC_REG_VIRT (must be cleared)
00:00:02.678913 HM:   VIRT_INT_DELIVERY (must be cleared)
00:00:02.678913 HM:   PAUSE_LOOP_EXIT
00:00:02.678913 HM:   RDRAND_EXIT
00:00:02.678914 HM:   INVPCID
00:00:02.678914 HM:   VMFUNC
00:00:02.678914 HM:   VMCS_SHADOWING
00:00:02.678914 HM:   ENCLS_EXIT
00:00:02.678915 HM:   RDSEED_EXIT
00:00:02.678915 HM:   PML
00:00:02.678915 HM:   EPT_XCPT_VE
00:00:02.678915 HM:   CONCEAL_VMX_FROM_PT
00:00:02.678915 HM:   XSAVES_XRSTORS
00:00:02.678916 HM:   MODE_BASED_EPT_PERM
00:00:02.678916 HM:   SPP_EPT (must be cleared)
00:00:02.678916 HM:   PT_EPT (must be cleared)
00:00:02.678916 HM:   TSC_SCALING (must be cleared)
00:00:02.678916 HM:   USER_WAIT_PAUSE (must be cleared)
00:00:02.678917 HM:   ENCLV_EXIT (must be cleared)
00:00:02.678917 HM: MSR_IA32_VMX_ENTRY_CTLS           = 0x3ffff000011ff
00:00:02.678917 HM:   LOAD_DEBUG (must be set)
00:00:02.678918 HM:   IA32E_MODE_GUEST
00:00:02.678918 HM:   ENTRY_TO_SMM
00:00:02.678918 HM:   DEACTIVATE_DUAL_MON
00:00:02.678918 HM:   LOAD_PERF_MSR
00:00:02.678918 HM:   LOAD_PAT_MSR
00:00:02.678919 HM:   LOAD_EFER_MSR
00:00:02.678919 HM:   LOAD_BNDCFGS_MSR
00:00:02.678919 HM:   CONCEAL_VMX_FROM_PT
00:00:02.678919 HM:   LOAD_RTIT_CTL_MSR (must be cleared)
00:00:02.678920 HM:   LOAD_CET_STATE (must be cleared)
00:00:02.678920 HM:   LOAD_PKRS_MSR (must be cleared)
00:00:02.678920 HM: MSR_IA32_VMX_EXIT_CTLS            = 0x1ffffff00036dff
00:00:02.678921 HM:   SAVE_DEBUG (must be set)
00:00:02.678921 HM:   HOST_ADDR_SPACE_SIZE
00:00:02.678921 HM:   LOAD_PERF_MSR
00:00:02.678921 HM:   ACK_EXT_INT
00:00:02.678921 HM:   SAVE_PAT_MSR
00:00:02.678922 HM:   LOAD_PAT_MSR
00:00:02.678922 HM:   SAVE_EFER_MSR
00:00:02.678922 HM:   LOAD_EFER_MSR
00:00:02.678922 HM:   SAVE_PREEMPT_TIMER
00:00:02.678922 HM:   CLEAR_BNDCFGS_MSR
00:00:02.678923 HM:   CONCEAL_VMX_FROM_PT
00:00:02.678923 HM:   CLEAR_RTIT_CTL_MSR (must be cleared)
00:00:02.678923 HM:   LOAD_CET_STATE (must be cleared)
00:00:02.678923 HM:   LOAD_PKRS_MSR (must be cleared)
00:00:02.678944 HM: MSR_IA32_VMX_TRUE_PINBASED_CTLS   = 0x7f00000016
00:00:02.678944 HM: MSR_IA32_VMX_TRUE_PROCBASED_CTLS  = 0xfff9fffe04006172
00:00:02.678945 HM: MSR_IA32_VMX_TRUE_ENTRY_CTLS      = 0x3ffff000011fb
00:00:02.678946 HM: MSR_IA32_VMX_TRUE_EXIT_CTLS       = 0x1ffffff00036dfb
00:00:02.678946 HM: MSR_IA32_VMX_MISC                 = 0x7004c1e7
00:00:02.678947 HM:   PREEMPT_TIMER_TSC                 = 0x7
00:00:02.678947 HM:   EXIT_SAVE_EFER_LMA                = true
00:00:02.678947 HM:   ACTIVITY_STATES                   = 0x7 ( HLT SHUTDOWN SIPI_WAIT )
00:00:02.678948 HM:   INTEL_PT                          = true
00:00:02.678948 HM:   SMM_READ_SMBASE_MSR               = true
00:00:02.678948 HM:   CR3_TARGET                        = 0x4
00:00:02.678948 HM:   MAX_MSR                           = 0x0 ( 512 )
00:00:02.678949 HM:   VMXOFF_BLOCK_SMI                  = true
00:00:02.678949 HM:   VMWRITE_ALL                       = true
00:00:02.678949 HM:   ENTRY_INJECT_SOFT_INT             = 0x1
00:00:02.678950 HM:   MSEG_ID                           = 0x0
00:00:02.678950 HM: MSR_IA32_VMX_VMCS_ENUM            = 0x2e
00:00:02.678950 HM:   HIGHEST_IDX                       = 0x17
00:00:02.678951 HM: MSR_IA32_VMX_EPT_VPID_CAP         = 0xf0106734141
00:00:02.678951 HM:   RWX_X_ONLY
00:00:02.678951 HM:   PAGE_WALK_LENGTH_4
00:00:02.678952 HM:   MEMTYPE_UC
00:00:02.678952 HM:   MEMTYPE_WB
00:00:02.678952 HM:   PDE_2M
00:00:02.678952 HM:   PDPTE_1G
00:00:02.678952 HM:   INVEPT
00:00:02.678953 HM:   ACCESS_DIRTY
00:00:02.678953 HM:   ADVEXITINFO_EPT_VIOLATION
00:00:02.678953 HM:   INVEPT_SINGLE_CONTEXT
00:00:02.678953 HM:   INVEPT_ALL_CONTEXTS
00:00:02.678953 HM:   INVVPID
00:00:02.678954 HM:   INVVPID_INDIV_ADDR
00:00:02.678954 HM:   INVVPID_SINGLE_CONTEXT
00:00:02.678954 HM:   INVVPID_ALL_CONTEXTS
00:00:02.678954 HM:   INVVPID_SINGLE_CONTEXT_RETAIN_GLOBALS
00:00:02.678954 HM: MSR_IA32_VMX_VMFUNC               = 0x1
00:00:02.678955 HM:   EPTP_SWITCHING
00:00:02.678955 HM: MSR_IA32_VMX_CR0_FIXED0           = 0x80000021
00:00:02.678955 HM: MSR_IA32_VMX_CR0_FIXED1           = 0xffffffff
00:00:02.678956 HM: MSR_IA32_VMX_CR4_FIXED0           = 0x2000
00:00:02.678956 HM: MSR_IA32_VMX_CR4_FIXED1           = 0x3767ff
00:00:02.678957 HM: Guest support: 32-bit and 64-bit
00:00:02.678962 HM: Supports VMCS EFER fields         = true
00:00:02.678963 HM: Enabled VMX
00:00:02.678985 HM: Enabled nested paging
00:00:02.678986 HM:   EPT flush type                  = Single context
00:00:02.678986 HM: Enabled unrestricted guest execution
00:00:02.678986 HM: Enabled VPID
00:00:02.678986 HM:   VPID flush type                 = Single context
00:00:02.678987 HM: Enabled VMX-preemption timer (cPreemptTimerShift=7)
00:00:02.678987 HM: VT-x/AMD-V init method: Local
00:00:02.678988 EM: Exit history optimizations: enabled=true enabled-r0=true enabled-r0-no-preemption=false
00:00:02.679102 PcBios: SATA LUN#0 LCHS=1024/255/63
00:00:02.679129 APIC: fPostedIntrsEnabled=false fVirtApicRegsEnabled=false fSupportsTscDeadline=false
00:00:02.679134 TMR3UtcNow: nsNow=1 694 641 248 736 819 500 nsPrev=0 -> cNsDelta=1 694 641 248 736 819 500 (offLag=0 offVirtualSync=0 offVirtualSyncGivenUp=0, NowAgain=1 694 641 248 736 819 500)
00:00:02.679229 VMM: fUsePeriodicPreemptionTimers=false
00:00:02.679931 CPUM: Logical host processors: 8 present, 8 max, 8 online, online mask: 00000000000000ff
00:00:02.679933 CPUM: Physical host cores: 4
00:00:02.679933 ************************* CPUID dump ************************
00:00:02.680055          Raw Standard CPUID Leaves
00:00:02.680056      Leaf/sub-leaf  eax      ebx      ecx      edx
00:00:02.680146 Gst: 00000000/0000  00000016 756e6547 6c65746e 49656e69
00:00:02.680147 Hst:                00000016 756e6547 6c65746e 49656e69
00:00:02.680148 Gst: 00000001/0000  000806ec 00010800 d6fa220b 178bfbff
00:00:02.680149 Hst:                000806ec 01100800 7ffafbff bfebfbff
00:00:02.680150 Gst: 00000002/0000  76036301 00f0b5ff 00000000 00c30000
00:00:02.680167 Hst:                76036301 00f0b5ff 00000000 00c30000
00:00:02.680167 Gst: 00000003/0000  00000000 00000000 00000000 00000000
00:00:02.680168 Hst:                00000000 00000000 00000000 00000000
00:00:02.680168 Gst: 00000004/0000  00000121 01c0003f 0000003f 00000000
00:00:02.680169 Hst:                1c004121 01c0003f 0000003f 00000000
00:00:02.680170 Gst: 00000004/0001  00000122 01c0003f 0000003f 00000000
00:00:02.680171 Hst:                1c004122 01c0003f 0000003f 00000000
00:00:02.680171 Gst: 00000004/0002  00000143 00c0003f 000003ff 00000000
00:00:02.680172 Hst:                1c004143 00c0003f 000003ff 00000000
00:00:02.680173 Gst: 00000004/0003  00000163 03c0003f 00001fff 00000006
00:00:02.680173 Hst:                1c03c163 03c0003f 00001fff 00000006
00:00:02.680174 Gst: 00000004/0004  00000000 00000000 00000000 00000000
00:00:02.680174 Hst:                00000000 00000000 00000000 00000000
00:00:02.680175 Gst: 00000005/0000  00000040 00000040 00000000 00000000
00:00:02.680191 Hst:                00000040 00000040 00000003 11142120
00:00:02.680192 Gst: 00000006/0000  00000000 00000000 00000000 00000000
00:00:02.680192 Hst:                000027f7 00000002 00000009 00000000
00:00:02.680193 Gst: 00000007/0000  00000000 00842529 00000000 30000400
00:00:02.680193 Hst:                00000000 029c67af 00000000 bc000e00
00:00:02.680194 Gst: 00000007/0001  00000000 00000000 00000000 00000000
00:00:02.680194 Hst:                00000000 00000000 00000000 00000000
00:00:02.680195 Gst: 00000008/0000  00000000 00000000 00000000 00000000
00:00:02.680195 Hst:                00000000 00000000 00000000 00000000
00:00:02.680196 Gst: 00000009/0000  00000000 00000000 00000000 00000000
00:00:02.680196 Hst:                00000000 00000000 00000000 00000000
00:00:02.680197 Gst: 0000000a/0000  00000000 00000000 00000000 00000000
00:00:02.680197 Hst:                07300404 00000000 00000000 00000603
00:00:02.680198 Gst: 0000000b/0000  00000000 00000001 00000100 00000000
00:00:02.680198 Hst:                00000001 00000002 00000100 00000001
00:00:02.680198 Gst: 0000000b/0001  00000001 00000001 00000201 00000000
00:00:02.680199 Hst:                00000004 00000008 00000201 00000001
00:00:02.680199 Gst: 0000000b/0002  00000000 00000000 00000002 00000000
00:00:02.680200 Hst:                00000000 00000000 00000002 00000001
00:00:02.680200 Gst: 0000000c/0000  00000000 00000000 00000000 00000000
00:00:02.680201 Hst:                00000000 00000000 00000000 00000000
00:00:02.680201 Gst: 0000000d/0000  00000007 00000340 00000340 00000000
00:00:02.680201 Hst:                0000001f 00000440 00000440 00000000
00:00:02.680202 Gst: 0000000d/0001  00000000 00000440 00000000 00000000
00:00:02.680202 Hst:                0000000f 00000440 00000100 00000000
00:00:02.680203 Gst: 0000000d/0002  00000100 00000240 00000000 00000000
00:00:02.680203 Hst:                00000100 00000240 00000000 00000000
00:00:02.680204 Gst: 0000000d/0003  00000000 00000000 00000000 00000000
00:00:02.680204 Hst:                00000040 000003c0 00000000 00000000
00:00:02.680205 Gst: 0000000d/0004  00000000 00000000 00000000 00000000
00:00:02.680205 Hst:                00000040 00000400 00000000 00000000
00:00:02.680205 Gst: 0000000d/0005  00000000 00000000 00000000 00000000
00:00:02.680206 Hst:                00000000 00000000 00000000 00000000
00:00:02.680206 Gst: 0000000d/0006  00000000 00000000 00000000 00000000
00:00:02.680207 Hst:                00000000 00000000 00000000 00000000
00:00:02.680207 Gst: 0000000d/0007  00000000 00000000 00000000 00000000
00:00:02.680208 Hst:                00000000 00000000 00000000 00000000
00:00:02.680208 Gst: 0000000d/0008  00000000 00000000 00000000 00000000
00:00:02.680208 Hst:                00000080 00000000 00000001 00000000
00:00:02.680209 Gst: 0000000d/0009  00000000 00000000 00000000 00000000
00:00:02.680209 Hst:                00000000 00000000 00000000 00000000
00:00:02.680223 Gst: 0000000e/0000  00000000 00000000 00000000 00000000
00:00:02.680224 Hst:                00000000 00000000 00000000 00000000
00:00:02.680224 Gst: 0000000f/0000  00000000 00000000 00000000 00000000
00:00:02.680224 Hst:                00000000 00000000 00000000 00000000
00:00:02.680225 Gst: 00000010/0000  00000000 00000000 00000000 00000000
00:00:02.680225 Hst:                00000000 00000000 00000000 00000000
00:00:02.680226 Gst: 00000011/0000  00000000 00000000 00000000 00000000
00:00:02.680226 Hst:                00000000 00000000 00000000 00000000
00:00:02.680227 Gst: 00000012/0000  00000000 00000000 00000000 00000000
00:00:02.680227 Hst:                00000000 00000000 00000000 00000000
00:00:02.680227 Gst: 00000013/0000  00000000 00000000 00000000 00000000
00:00:02.680228 Hst:                00000000 00000000 00000000 00000000
00:00:02.680228 Gst: 00000014/0000  00000000 00000000 00000000 00000000
00:00:02.680229 Hst:                00000001 0000000f 00000007 00000000
00:00:02.680229 Hst: 00000015/0000  00000002 000000b0 00000000 00000000
00:00:02.680230 Hst: 00000016/0000  00000834 000012c0 00000064 00000000
00:00:02.680231                                Name: GenuineIntel
00:00:02.680231                            Supports: 0x00000000-0x00000016
00:00:02.680289                              Family:  6 	Extended: 0 	Effective: 6
00:00:02.680290                               Model: 14 	Extended: 8 	Effective: 142
00:00:02.680291                            Stepping: 12
00:00:02.680292                                Type: 0 (primary)
00:00:02.680293                             APIC ID: 0x00
00:00:02.680294                        Logical CPUs: 1
00:00:02.680295                        CLFLUSH Size: 8
00:00:02.680295                            Brand ID: 0x00
00:00:02.680296 Features
00:00:02.680437   Mnemonic - Description                                  = guest (host)
00:00:02.680438   FPU - x87 FPU on Chip                                   = 1 (1)
00:00:02.680439   VME - Virtual 8086 Mode Enhancements                    = 1 (1)
00:00:02.680440   DE - Debugging extensions                               = 1 (1)
00:00:02.680440   PSE - Page Size Extension                               = 1 (1)
00:00:02.680441   TSC - Time Stamp Counter                                = 1 (1)
00:00:02.680442   MSR - Model Specific Registers                          = 1 (1)
00:00:02.680442   PAE - Physical Address Extension                        = 1 (1)
00:00:02.680443   MCE - Machine Check Exception                           = 1 (1)
00:00:02.680443   CX8 - CMPXCHG8B instruction                             = 1 (1)
00:00:02.680444   APIC - APIC On-Chip                                     = 1 (1)
00:00:02.680445   SEP - SYSENTER and SYSEXIT Present                      = 1 (1)
00:00:02.680445   MTRR - Memory Type Range Registers                      = 1 (1)
00:00:02.680446   PGE - PTE Global Bit                                    = 1 (1)
00:00:02.680447   MCA - Machine Check Architecture                        = 1 (1)
00:00:02.680447   CMOV - Conditional Move instructions                    = 1 (1)
00:00:02.680448   PAT - Page Attribute Table                              = 1 (1)
00:00:02.680448   PSE-36 - 36-bit Page Size Extension                     = 1 (1)
00:00:02.680449   PSN - Processor Serial Number                           = 0 (0)
00:00:02.680450   CLFSH - CLFLUSH instruction                             = 1 (1)
00:00:02.680450   DS - Debug Store                                        = 0 (1)
00:00:02.680451   ACPI - Thermal Mon. & Soft. Clock Ctrl.                 = 0 (1)
00:00:02.680452   MMX - Intel MMX Technology                              = 1 (1)
00:00:02.680452   FXSR - FXSAVE and FXRSTOR instructions                  = 1 (1)
00:00:02.680453   SSE - SSE support                                       = 1 (1)
00:00:02.680453   SSE2 - SSE2 support                                     = 1 (1)
00:00:02.680454   SS - Self Snoop                                         = 0 (1)
00:00:02.680455   HTT - Hyper-Threading Technology                        = 1 (1)
00:00:02.680456   TM - Therm. Monitor                                     = 0 (1)
00:00:02.680456   PBE - Pending Break Enabled                             = 0 (1)
00:00:02.680457   SSE3 - SSE3 support                                     = 1 (1)
00:00:02.680458   PCLMUL - PCLMULQDQ support (for AES-GCM)                = 1 (1)
00:00:02.680458   DTES64 - DS Area 64-bit Layout                          = 0 (1)
00:00:02.680459   MONITOR - MONITOR/MWAIT instructions                    = 1 (1)
00:00:02.680459   CPL-DS - CPL Qualified Debug Store                      = 0 (1)
00:00:02.680460   VMX - Virtual Machine Extensions                        = 0 (1)
00:00:02.680460   SMX - Safer Mode Extensions                             = 0 (1)
00:00:02.680518   EST - Enhanced SpeedStep Technology                     = 0 (1)
00:00:02.680519   TM2 - Terminal Monitor 2                                = 0 (1)
00:00:02.680520   SSSE3 - Supplemental Streaming SIMD Extensions 3        = 1 (1)
00:00:02.680521   CNTX-ID - L1 Context ID                                 = 0 (0)
00:00:02.680522   SDBG - Silicon Debug interface                          = 0 (1)
00:00:02.680523   FMA - Fused Multiply Add extensions                     = 0 (1)
00:00:02.680523   CX16 - CMPXCHG16B instruction                           = 1 (1)
00:00:02.680524   TPRUPDATE - xTPR Update Control                         = 0 (1)
00:00:02.680525   PDCM - Perf/Debug Capability MSR                        = 0 (1)
00:00:02.680526   PCID - Process Context Identifiers                      = 1 (1)
00:00:02.680527   DCA - Direct Cache Access                               = 0 (0)
00:00:02.680528   SSE4_1 - SSE4_1 support                                 = 1 (1)
00:00:02.680529   SSE4_2 - SSE4_2 support                                 = 1 (1)
00:00:02.680530   X2APIC - x2APIC support                                 = 1 (1)
00:00:02.680531   MOVBE - MOVBE instruction                               = 1 (1)
00:00:02.680532   POPCNT - POPCNT instruction                             = 1 (1)
00:00:02.680532   TSCDEADL - Time Stamp Counter Deadline                  = 0 (1)
00:00:02.680533   AES - AES instructions                                  = 1 (1)
00:00:02.680534   XSAVE - XSAVE instruction                               = 1 (1)
00:00:02.680535   OSXSAVE - OSXSAVE instruction                           = 0 (1)
00:00:02.680536   AVX - AVX support                                       = 1 (1)
00:00:02.680553   F16C - 16-bit floating point conversion instructions    = 0 (1)
00:00:02.680553   RDRAND - RDRAND instruction                             = 1 (1)
00:00:02.680554   HVP - Hypervisor Present (we're a guest)                = 1 (0)
00:00:02.680555 Structured Extended Feature Flags Enumeration (leaf 7):
00:00:02.680556   Mnemonic - Description                                  = guest (host)
00:00:02.680556   FSGSBASE - RDFSBASE/RDGSBASE/WRFSBASE/WRGSBASE instr.   = 1 (1)
00:00:02.680557   TSCADJUST - Supports MSR_IA32_TSC_ADJUST                = 0 (1)
00:00:02.680557   SGX - Supports Software Guard Extensions                = 0 (1)
00:00:02.680558   BMI1 - Advanced Bit Manipulation extension 1            = 1 (1)
00:00:02.680559   HLE - Hardware Lock Elision                             = 0 (0)
00:00:02.680559   AVX2 - Advanced Vector Extensions 2                     = 1 (1)
00:00:02.680560   FDP_EXCPTN_ONLY - FPU DP only updated on exceptions     = 0 (0)
00:00:02.680561   SMEP - Supervisor Mode Execution Prevention             = 0 (1)
00:00:02.680561   BMI2 - Advanced Bit Manipulation extension 2            = 1 (1)
00:00:02.680577   ERMS - Enhanced REP MOVSB/STOSB instructions            = 0 (1)
00:00:02.680578   INVPCID - INVPCID instruction                           = 1 (1)
00:00:02.680578   RTM - Restricted Transactional Memory                   = 0 (0)
00:00:02.680579   PQM - Platform Quality of Service Monitoring            = 0 (0)
00:00:02.680579   DEPFPU_CS_DS - Deprecates FPU CS, FPU DS values if set  = 1 (1)
00:00:02.680580   MPE - Intel Memory Protection Extensions                = 0 (1)
00:00:02.680580   PQE - Platform Quality of Service Enforcement           = 0 (0)
00:00:02.680581   AVX512F - AVX512 Foundation instructions                = 0 (0)
00:00:02.680581   RDSEED - RDSEED instruction                             = 1 (1)
00:00:02.680582   ADX - ADCX/ADOX instructions                            = 0 (1)
00:00:02.680583   SMAP - Supervisor Mode Access Prevention                = 0 (1)
00:00:02.680583   CLFLUSHOPT - CLFLUSHOPT (Cache Line Flush) instruction  = 1 (1)
00:00:02.680584   INTEL_PT - Intel Processor Trace                        = 0 (1)
00:00:02.680584   AVX512PF - AVX512 Prefetch instructions                 = 0 (0)
00:00:02.680585   AVX512ER - AVX512 Exponential & Reciprocal instructions = 0 (0)
00:00:02.680585   AVX512CD - AVX512 Conflict Detection instructions       = 0 (0)
00:00:02.680586   SHA - Secure Hash Algorithm extensions                  = 0 (0)
00:00:02.680586   PREFETCHWT1 - PREFETCHWT1 instruction                   = 0 (0)
00:00:02.680587   UMIP - User mode insturction prevention                 = 0 (0)
00:00:02.680587   PKU - Protection Key for Usermode pages                 = 0 (0)
00:00:02.680588   OSPKE - CR4.PKU mirror                                  = 0 (0)
00:00:02.680589   MAWAU - Value used by BNDLDX & BNDSTX                   = 0x0 (0x0)
00:00:02.680589   RDPID - Read processor ID support                       = 0 (0)
00:00:02.680590   SGX_LC - Supports SGX Launch Configuration              = 0 (0)
00:00:02.680590    9 - Reserved                                           = 0 (1)
00:00:02.680591   MD_CLEAR - Supports MDS related buffer clearing         = 1 (1)
00:00:02.680592   11 - Reserved                                           = 0 (1)
00:00:02.680593   IBRS_IBPB - IA32_SPEC_CTRL.IBRS and IA32_PRED_CMD.IBPB  = 0 (1)
00:00:02.680593   STIBP - Supports IA32_SPEC_CTRL.STIBP                   = 0 (1)
00:00:02.680594   FLUSH_CMD - Supports IA32_FLUSH_CMD                     = 1 (1)
00:00:02.680594   ARCHCAP - Supports IA32_ARCH_CAP                        = 1 (1)
00:00:02.680595   CORECAP - Supports IA32_CORE_CAP                        = 0 (0)
00:00:02.680596   SSBD - Supports IA32_SPEC_CTRL.SSBD                     = 0 (1)
00:00:02.680596 Processor Extended State Enumeration (leaf 0xd):
00:00:02.680597    XSAVE area cur/max size by XCR0, guest: 0x340/0x340
00:00:02.680597     XSAVE area cur/max size by XCR0, host: 0x440/0x440
00:00:02.680598                    Valid XCR0 bits, guest: 0x00000000`00000007 ( x87 SSE YMM_Hi128 )
00:00:02.680657                     Valid XCR0 bits, host: 0x00000000`0000001f ( x87 SSE YMM_Hi128 BNDREGS BNDCSR )
00:00:02.680659                     XSAVE features, guest:
00:00:02.680660                      XSAVE features, host: XSAVEOPT XSAVEC XGETBC1 XSAVES
00:00:02.680661       XSAVE area cur size XCR0|XSS, guest: 0x440
00:00:02.680662        XSAVE area cur size XCR0|XSS, host: 0x440
00:00:02.680662                Valid IA32_XSS bits, guest: 0x00000000`00000000
00:00:02.680668                 Valid IA32_XSS bits, host: 0x00000100`00000000 ( 40 )
00:00:02.680685   State #2, guest: off=0x0240, cb=0x0100 IA32_XSS-bit -- YMM_Hi128
00:00:02.680686   State #2, host:  off=0x0240, cb=0x0100 IA32_XSS-bit -- YMM_Hi128
00:00:02.680686   State #3, host:  off=0x03c0, cb=0x0040 IA32_XSS-bit -- BNDREGS
00:00:02.680687   State #4, host:  off=0x0400, cb=0x0040 IA32_XSS-bit -- BNDCSR
00:00:02.680688   State #8, host:  off=0x0000, cb=0x0080 XCR0-bit -- 8
00:00:02.680695          Unknown CPUID Leaves
00:00:02.680696      Leaf/sub-leaf  eax      ebx      ecx      edx
00:00:02.680696 Gst: 00000014/0001  00000000 00000000 00000000 00000000
00:00:02.680697 Hst:                02490002 003f3fff 00000000 00000000
00:00:02.680697 Gst: 00000014/0002  00000000 00000000 00000000 00000000
00:00:02.680698 Hst:                00000000 00000000 00000000 00000000
00:00:02.680698 Gst: 00000015/0000  00000000 00000000 00000000 00000000
00:00:02.680699 Hst:                00000002 000000b0 00000000 00000000
00:00:02.680699 Gst: 00000016/0000  00000000 00000000 00000000 00000000
00:00:02.680700 Hst:                00000834 000012c0 00000064 00000000
00:00:02.680701          Raw Hypervisor CPUID Leaves
00:00:02.680701      Leaf/sub-leaf  eax      ebx      ecx      edx
00:00:02.680701 Gst: 40000000/0000  40000001 4b4d564b 564b4d56 0000004d
00:00:02.680702 Hst:                00000834 000012c0 00000064 00000000
00:00:02.680703 Gst: 40000001/0000  01000089 00000000 00000000 00000000
00:00:02.680703 Hst:                00000834 000012c0 00000064 00000000
00:00:02.680704          Raw Extended CPUID Leaves
00:00:02.680704      Leaf/sub-leaf  eax      ebx      ecx      edx
00:00:02.680705 Gst: 80000000/0000  80000008 00000000 00000000 00000000
00:00:02.680705 Hst:                80000008 00000000 00000000 00000000
00:00:02.680706 Gst: 80000001/0000  00000000 00000000 00000121 28100800
00:00:02.680706 Hst:                00000000 00000000 00000121 2c100800
00:00:02.680707 Gst: 80000002/0000  65746e49 2952286c 726f4320 4d542865
00:00:02.680708 Hst:                65746e49 2952286c 726f4320 4d542865
00:00:02.680709 Gst: 80000003/0000  37692029 3636382d 43205535 40205550
00:00:02.680709 Hst:                37692029 3636382d 43205535 40205550
00:00:02.680711 Gst: 80000004/0000  392e3120 7a484730 00000000 00000000
00:00:02.680711 Hst:                392e3120 7a484730 00000000 00000000
00:00:02.680712 Gst: 80000005/0000  00000000 00000000 00000000 00000000
00:00:02.680712 Hst:                00000000 00000000 00000000 00000000
00:00:02.680713 Gst: 80000006/0000  00000000 00000000 01006040 00000000
00:00:02.680713 Hst:                00000000 00000000 01006040 00000000
00:00:02.680714 Gst: 80000007/0000  00000000 00000000 00000000 00000100
00:00:02.680714 Hst:                00000000 00000000 00000000 00000100
00:00:02.680715 Gst: 80000008/0000  00003027 00000000 00000000 00000000
00:00:02.680715 Hst:                00003027 00000000 00000000 00000000
00:00:02.680715 Ext Name:                        
00:00:02.680716 Ext Supports:                    0x80000000-0x80000008
00:00:02.680716 Family:                          0  	Extended: 0 	Effective: 0
00:00:02.680717 Model:                           0  	Extended: 0 	Effective: 0
00:00:02.680717 Stepping:                        0
00:00:02.680717 Brand ID:                        0x000
00:00:02.680718 Ext Features
00:00:02.680718   Mnemonic - Description                                  = guest (host)
00:00:02.680718   FPU - x87 FPU on Chip                                   = 0 (0)
00:00:02.680719   VME - Virtual 8086 Mode Enhancements                    = 0 (0)
00:00:02.680720   DE - Debugging extensions                               = 0 (0)
00:00:02.680720   PSE - Page Size Extension                               = 0 (0)
00:00:02.680721   TSC - Time Stamp Counter                                = 0 (0)
00:00:02.680721   MSR - K86 Model Specific Registers                      = 0 (0)
00:00:02.680722   PAE - Physical Address Extension                        = 0 (0)
00:00:02.680723   MCE - Machine Check Exception                           = 0 (0)
00:00:02.680723   CX8 - CMPXCHG8B instruction                             = 0 (0)
00:00:02.680724   APIC - APIC On-Chip                                     = 0 (0)
00:00:02.680725   SEP - SYSCALL/SYSRET                                    = 1 (1)
00:00:02.680725   MTRR - Memory Type Range Registers                      = 0 (0)
00:00:02.680726   PGE - PTE Global Bit                                    = 0 (0)
00:00:02.680726   MCA - Machine Check Architecture                        = 0 (0)
00:00:02.680727   CMOV - Conditional Move instructions                    = 0 (0)
00:00:02.680728   PAT - Page Attribute Table                              = 0 (0)
00:00:02.680728   PSE-36 - 36-bit Page Size Extension                     = 0 (0)
00:00:02.680729   NX - No-Execute/Execute-Disable                         = 1 (1)
00:00:02.680729   AXMMX - AMD Extensions to MMX instructions              = 0 (0)
00:00:02.680730   MMX - Intel MMX Technology                              = 0 (0)
00:00:02.680731   FXSR - FXSAVE and FXRSTOR Instructions                  = 0 (0)
00:00:02.680731   FFXSR - AMD fast FXSAVE and FXRSTOR instructions        = 0 (0)
00:00:02.680732   Page1GB - 1 GB large page                               = 0 (1)
00:00:02.680732   RDTSCP - RDTSCP instruction                             = 1 (1)
00:00:02.680733   LM - AMD64 Long Mode                                    = 1 (1)
00:00:02.680734   3DNOWEXT - AMD Extensions to 3DNow                      = 0 (0)
00:00:02.680734   3DNOW - AMD 3DNow                                       = 0 (0)
00:00:02.680735   LahfSahf - LAHF/SAHF support in 64-bit mode             = 1 (1)
00:00:02.680736   CmpLegacy - Core multi-processing legacy mode           = 0 (0)
00:00:02.680736   SVM - AMD Secure Virtual Machine extensions             = 0 (0)
00:00:02.680737   EXTAPIC - AMD Extended APIC registers                   = 0 (0)
00:00:02.680737   CR8L - AMD LOCK MOV CR0 means MOV CR8                   = 0 (0)
00:00:02.680738   ABM - AMD Advanced Bit Manipulation                     = 1 (1)
00:00:02.680738   SSE4A - SSE4A instructions                              = 0 (0)
00:00:02.680739   MISALIGNSSE - AMD Misaligned SSE mode                   = 0 (0)
00:00:02.680739   3DNOWPRF - AMD PREFETCH and PREFETCHW instructions      = 1 (1)
00:00:02.680740   OSVW - AMD OS Visible Workaround                        = 0 (0)
00:00:02.680740   IBS - Instruct Based Sampling                           = 0 (0)
00:00:02.680741   XOP - Extended Operation support                        = 0 (0)
00:00:02.680742   SKINIT - SKINIT, STGI, and DEV support                  = 0 (0)
00:00:02.680742   WDT - AMD Watchdog Timer support                        = 0 (0)
00:00:02.680743   LWP - Lightweight Profiling support                     = 0 (0)
00:00:02.680743   FMA4 - Four operand FMA instruction support             = 0 (0)
00:00:02.680744   NodeId - NodeId in MSR C001_100C                        = 0 (0)
00:00:02.680744   TBM - Trailing Bit Manipulation instructions            = 0 (0)
00:00:02.680745   TOPOEXT - Topology Extensions                           = 0 (0)
00:00:02.680746   PRFEXTCORE - Performance Counter Extensions support     = 0 (0)
00:00:02.680746   PRFEXTNB - NB Performance Counter Extensions support    = 0 (0)
00:00:02.680747   DATABPEXT - Data-access Breakpoint Extension            = 0 (0)
00:00:02.680747   PERFTSC - Performance Time Stamp Counter                = 0 (0)
00:00:02.680748   PCX_L2I - L2I/L3 Performance Counter Extensions         = 0 (0)
00:00:02.680748   MWAITX - MWAITX and MONITORX instructions               = 0 (0)
00:00:02.680749 Full Name:                       "Intel(R) Core(TM) i7-8665U CPU @ 1.90GHz"
00:00:02.680813 TLB 2/4M Instr/Uni:              res0     0 entries
00:00:02.680813 TLB 2/4M Data:                   res0     0 entries
00:00:02.680814 TLB 4K Instr/Uni:                res0     0 entries
00:00:02.680814 TLB 4K Data:                     res0     0 entries
00:00:02.680815 L1 Instr Cache Line Size:        0 bytes
00:00:02.680815 L1 Instr Cache Lines Per Tag:    0
00:00:02.680815 L1 Instr Cache Associativity:    res0  
00:00:02.680815 L1 Instr Cache Size:             0 KB
00:00:02.680816 L1 Data Cache Line Size:         0 bytes
00:00:02.680816 L1 Data Cache Lines Per Tag:     0
00:00:02.680817 L1 Data Cache Associativity:     res0  
00:00:02.680817 L1 Data Cache Size:              0 KB
00:00:02.680818 L2 TLB 2/4M Instr/Uni:           off       0 entries
00:00:02.680818 L2 TLB 2/4M Data:                off       0 entries
00:00:02.680818 L2 TLB 4K Instr/Uni:             off       0 entries
00:00:02.680819 L2 TLB 4K Data:                  off       0 entries
00:00:02.680819 L2 Cache Line Size:              0 bytes
00:00:02.680819 L2 Cache Lines Per Tag:          0
00:00:02.680820 L2 Cache Associativity:          off   
00:00:02.680820 L2 Cache Size:                   0 KB
00:00:02.680821   TS - Temperature Sensor                                 = 0 (0)
00:00:02.680822   FID - Frequency ID control                              = 0 (0)
00:00:02.680823   VID - Voltage ID control                                = 0 (0)
00:00:02.680824   TscInvariant - Invariant Time Stamp Counter             = 1 (1)
00:00:02.680825   CBP - Core Performance Boost                            = 0 (0)
00:00:02.680826   EffFreqRO - Read-only Effective Frequency Interface     = 0 (0)
00:00:02.680826   ProcFdbkIf - Processor Feedback Interface               = 0 (0)
00:00:02.680843   ProcPwrRep - Core power reporting interface support     = 0 (0)
00:00:02.680844 Physical Address Width:          39 bits
00:00:02.680844 Virtual Address Width:           48 bits
00:00:02.680844 Guest Physical Address Width:    0 bits
00:00:02.680845 Physical Core Count:             1
00:00:02.680846 
00:00:02.680846 ******************** End of CPUID dump **********************
00:00:02.680846 *********************** VT-x features ***********************
00:00:02.680923 Nested hardware virtualization - VMX features
00:00:02.680924   Mnemonic - Description                                  = guest (host)
00:00:02.680924   VMX - Virtual-Machine Extensions                        = 0 (1)
00:00:02.680924   InsOutInfo - INS/OUTS instruction info.                 = 0 (1)
00:00:02.680925   ExtIntExit - External interrupt exiting                 = 0 (1)
00:00:02.680925   NmiExit - NMI exiting                                   = 0 (1)
00:00:02.680926   VirtNmi - Virtual NMIs                                  = 0 (1)
00:00:02.680926   PreemptTimer - VMX preemption timer                     = 0 (1)
00:00:02.680927   PostedInt - Posted interrupts                           = 0 (0)
00:00:02.680927   IntWindowExit - Interrupt-window exiting                = 0 (1)
00:00:02.680928   TscOffsetting - TSC offsetting                          = 0 (1)
00:00:02.680928   HltExit - HLT exiting                                   = 0 (1)
00:00:02.680928   InvlpgExit - INVLPG exiting                             = 0 (1)
00:00:02.680929   MwaitExit - MWAIT exiting                               = 0 (1)
00:00:02.680929   RdpmcExit - RDPMC exiting                               = 0 (1)
00:00:02.680965   RdtscExit - RDTSC exiting                               = 0 (1)
00:00:02.680966   Cr3LoadExit - CR3-load exiting                          = 0 (1)
00:00:02.680966   Cr3StoreExit - CR3-store exiting                        = 0 (1)
00:00:02.680967   TertiaryExecCtls - Activate tertiary controls           = 0 (0)
00:00:02.680967   Cr8LoadExit  - CR8-load exiting                         = 0 (1)
00:00:02.680967   Cr8StoreExit - CR8-store exiting                        = 0 (1)
00:00:02.680968   UseTprShadow - Use TPR shadow                           = 0 (1)
00:00:02.680968   NmiWindowExit - NMI-window exiting                      = 0 (1)
00:00:02.680969   MovDRxExit - Mov-DR exiting                             = 0 (1)
00:00:02.680969   UncondIoExit - Unconditional I/O exiting                = 0 (1)
00:00:02.680970   UseIoBitmaps - Use I/O bitmaps                          = 0 (1)
00:00:02.680970   MonitorTrapFlag - Monitor Trap Flag                     = 0 (1)
00:00:02.680970   UseMsrBitmaps - MSR bitmaps                             = 0 (1)
00:00:02.680971   MonitorExit - MONITOR exiting                           = 0 (1)
00:00:02.680971   PauseExit - PAUSE exiting                               = 0 (1)
00:00:02.680972   SecondaryExecCtl - Activate secondary controls          = 0 (1)
00:00:02.680972   VirtApic - Virtualize-APIC accesses                     = 0 (1)
00:00:02.680972   Ept - Extended Page Tables                              = 0 (1)
00:00:02.680973   DescTableExit - Descriptor-table exiting                = 0 (1)
00:00:02.680973   Rdtscp - Enable RDTSCP                                  = 0 (1)
00:00:02.680974   VirtX2ApicMode - Virtualize-x2APIC mode                 = 0 (1)
00:00:02.680974   Vpid - Enable VPID                                      = 0 (1)
00:00:02.680975   WbinvdExit - WBINVD exiting                             = 0 (1)
00:00:02.680975   UnrestrictedGuest - Unrestricted guest                  = 0 (1)
00:00:02.680975   ApicRegVirt - APIC-register virtualization              = 0 (0)
00:00:02.680976   VirtIntDelivery - Virtual-interrupt delivery            = 0 (0)
00:00:02.680976   PauseLoopExit - PAUSE-loop exiting                      = 0 (1)
00:00:02.681012   RdrandExit - RDRAND exiting                             = 0 (1)
00:00:02.681013   Invpcid - Enable INVPCID                                = 0 (1)
00:00:02.681013   VmFuncs - Enable VM Functions                           = 0 (1)
00:00:02.681014   VmcsShadowing - VMCS shadowing                          = 0 (1)
00:00:02.681014   RdseedExiting - RDSEED exiting                          = 0 (1)
00:00:02.681014   PML - Page-Modification Log (PML)                       = 0 (1)
00:00:02.681015   EptVe - EPT violations can cause #VE                    = 0 (1)
00:00:02.681015   ConcealVmxFromPt - Conceal VMX from Processor Trace     = 0 (1)
00:00:02.681016   XsavesXRstors - Enable XSAVES/XRSTORS                   = 0 (1)
00:00:02.681016   ModeBasedExecuteEpt - Mode-based execute permissions    = 0 (1)
00:00:02.681017   SppEpt - Sub-page page write permissions for EPT        = 0 (0)
00:00:02.681017   PtEpt - Processor Trace address' translatable by EPT    = 0 (0)
00:00:02.681017   UseTscScaling - Use TSC scaling                         = 0 (0)
00:00:02.681018   UserWaitPause - Enable TPAUSE, UMONITOR and UMWAIT      = 0 (0)
00:00:02.681018   EnclvExit - ENCLV exiting                               = 0 (0)
00:00:02.681019   LoadIwKeyExit - LOADIWKEY exiting                       = 0 (0)
00:00:02.681019   EntryLoadDebugCtls - Load debug controls on VM-entry    = 0 (1)
00:00:02.681019   Ia32eModeGuest - IA-32e mode guest                      = 0 (1)
00:00:02.681020   EntryLoadEferMsr - Load IA32_EFER MSR on VM-entry       = 0 (1)
00:00:02.681020   EntryLoadPatMsr - Load IA32_PAT MSR on VM-entry         = 0 (1)
00:00:02.681021   ExitSaveDebugCtls - Save debug controls on VM-exit      = 0 (1)
00:00:02.681021   HostAddrSpaceSize - Host address-space size             = 0 (1)
00:00:02.681022   ExitAckExtInt - Acknowledge interrupt on VM-exit        = 0 (1)
00:00:02.681022   ExitSavePatMsr - Save IA32_PAT MSR on VM-exit           = 0 (1)
00:00:02.681022   ExitLoadPatMsr - Load IA32_PAT MSR on VM-exit           = 0 (1)
00:00:02.681023   ExitSaveEferMsr - Save IA32_EFER MSR on VM-exit         = 0 (1)
00:00:02.681023   ExitLoadEferMsr - Load IA32_EFER MSR on VM-exit         = 0 (1)
00:00:02.681024   SavePreemptTimer - Save VMX-preemption timer            = 0 (1)
00:00:02.681024   SecondaryExitCtls - Secondary VM-exit controls          = 0 (0)
00:00:02.681024   ExitSaveEferLma - Save IA32_EFER.LMA on VM-exit         = 0 (1)
00:00:02.681025   IntelPt - Intel PT (Processor Trace) in VMX operation   = 0 (1)
00:00:02.681025   VmwriteAll - VMWRITE to any supported VMCS field        = 0 (1)
00:00:02.681026   EntryInjectSoftInt - Inject softint. with 0-len instr.  = 0 (1)
00:00:02.681026 
00:00:02.681027 ******************* End of VT-x features ********************
00:00:02.681220 VMEmt: Halt method global1 (5)
00:00:02.681349 VMEmt: HaltedGlobal1 config: cNsSpinBlockThresholdCfg=50000
00:00:02.681357 Changing the VM state from 'CREATING' to 'CREATED'
00:00:02.682437 SharedFolders host service: Adding host mapping
00:00:02.682464     Host path '\\?\C:\Users\OAustin', map name 'vagrant', writable, automount=false, automntpnt=, create_symlinks=true, missing=false
00:00:02.683123 Changing the VM state from 'CREATED' to 'POWERING_ON'
00:00:02.683147 AIOMgr: Endpoints without assigned bandwidth groups:
00:00:02.683152 AIOMgr:     C:\Users\OAustin\VirtualBox VMs\OAustin_default_1694552132603_39058\ubuntu-18.04-amd64-disk001.vmdk
00:00:02.683313 Changing the VM state from 'POWERING_ON' to 'RUNNING'
00:00:02.683326 Console: Machine state changed to 'Running'
00:00:02.698884 VMMDev: Guest Log: BIOS: VirtualBox 7.0.10
00:00:02.698993 PCI: Setting up resources and interrupts
00:00:02.699505 PIT: mode=2 count=0x10000 (65536) - 18.20 Hz (ch=0)
00:00:02.713162 Display::i_handleDisplayResize: uScreenId=0 pvVRAM=0000000000000000 w=720 h=400 bpp=0 cbLine=0x0 flags=0x0 origin=0,0
00:00:02.713432 VMMDev: Guest Log: CPUID EDX: 0x178bfbff
00:00:02.713796 AHCI#0: Reset the HBA
00:00:02.713804 VD#0: Cancelling all active requests
00:00:02.713853 AHCI#0: Port 0 reset
00:00:02.713957 VD#0: Cancelling all active requests
00:00:02.714898 VMMDev: Guest Log: BIOS: AHCI 0-P#0: PCHS=16383/16/63 LCHS=1024/255/63 0x0000000008000000 sectors
00:00:02.717552 PIT: mode=2 count=0x48d3 (18643) - 64.00 Hz (ch=0)
00:00:02.732698 Display::i_handleDisplayResize: uScreenId=0 pvVRAM=0000022f837e0000 w=640 h=480 bpp=32 cbLine=0xA00 flags=0x0 origin=0,0
00:00:02.797985 VBoxHeadless: starting event loop
00:00:03.857005 NAT: Old socket recv size: 64KB
00:00:03.857032 NAT: Old socket send size: 64KB
00:00:05.204536 Display::i_handleDisplayResize: uScreenId=0 pvVRAM=0000000000000000 w=720 h=400 bpp=0 cbLine=0x0 flags=0x0 origin=0,0
00:00:05.209379 PIT: mode=2 count=0x10000 (65536) - 18.20 Hz (ch=0)
00:00:05.209765 VMMDev: Guest Log: BIOS: Boot : bseqnr=1, bootseq=0032
00:00:05.211945 VMMDev: Guest Log: BIOS: Booting from Hard Disk...
00:00:05.305068 VMMDev: Guest Log: int13_harddisk: function 02, unmapped device for ELDL=81
00:00:05.305382 VMMDev: Guest Log: int13_harddisk: function 00, unmapped device for ELDL=81
00:00:05.305720 VMMDev: Guest Log: int13_harddisk: function 02, unmapped device for ELDL=81
00:00:05.306003 VMMDev: Guest Log: int13_harddisk: function 00, unmapped device for ELDL=81
00:00:05.306296 VMMDev: Guest Log: int13_harddisk: function 02, unmapped device for ELDL=81
00:00:05.306642 VMMDev: Guest Log: int13_harddisk: function 00, unmapped device for ELDL=81
00:00:05.484082 Display::i_handleDisplayResize: uScreenId=0 pvVRAM=0000022f837e0000 w=640 h=480 bpp=32 cbLine=0xA00 flags=0x0 origin=0,0
00:00:07.031114 Display::i_handleDisplayResize: uScreenId=0 pvVRAM=0000000000000000 w=720 h=400 bpp=0 cbLine=0x0 flags=0x0 origin=0,0
00:00:07.521454 GIM: KVM: VCPU  0: Enabled system-time struct. at 0x000000003ff44000 - u32TscScale=0xf26c9dd8 i8TscShift=-1 uVersion=2 fFlags=0x1 uTsc=0x26104f070 uVirtNanoTS=0x1205c8870 TscKHz=2111998
00:00:07.521477 TM: Switching TSC mode from 'Dynamic' to 'RealTSCOffset'
00:00:07.546350 GIM: KVM: Enabled wall-clock struct. at 0x000000003ffc4000 - u32Sec=1694641253 u32Nano=603488544 uVersion=2
00:00:07.553848 PIT: mode=2 count=0x12a5 (4773) - 249.98 Hz (ch=0)
00:00:07.554033 APIC0: Switched mode to x2APIC
00:00:07.669935 PIT: mode=0 count=0x10000 (65536) - 18.20 Hz (ch=0)
00:00:09.632675 AHCI#0: Reset the HBA
00:00:09.632697 VD#0: Cancelling all active requests
00:00:09.635062 AHCI#0: Port 0 reset
00:00:09.636240 VD#0: Cancelling all active requests
00:00:09.636940 Display::i_handleDisplayResize: uScreenId=0 pvVRAM=0000022f837e0000 w=800 h=600 bpp=32 cbLine=0xC80 flags=0x1 origin=0,0
00:00:11.630373 NAT: Link up
00:00:12.543819 VMMDev: Guest Additions information report: Version 6.0.10 r132072 '6.0.10'
00:00:12.543934 VMMDev: Guest Additions information report: Interface = 0x00010004 osType = 0x00053100 (Linux >= 2.6, 64-bit)
00:00:12.544282 VMMDev: Guest Additions capability report: (0x0 -> 0x0) seamless: no, hostWindowMapping: no, graphics: no
00:00:12.544472 VMMDev: vmmDevReqHandler_HeartbeatConfigure: No change (fHeartbeatActive=false)
00:00:12.544504 VMMDev: Heartbeat flatline timer set to trigger after 4 000 000 000 ns
00:00:12.544651 VMMDev: Guest Log: vgdrvHeartbeatInit: Setting up heartbeat to trigger every 2000 milliseconds
00:00:12.555945 VMMDev: Guest Additions capability report: (0x0 -> 0x0) seamless: no, hostWindowMapping: no, graphics: no
00:00:12.565102 VMMDev: Guest Log: vboxguest: misc device minor 55, IRQ 20, I/O port d020, MMIO at 00000000f0400000 (size 0x400000)
00:00:12.623792 NAT: IPv6 not supported
00:00:12.628354 NAT: DHCP offered IP address 10.0.2.15
00:00:12.628838 NAT: DHCP offered IP address 10.0.2.15
00:00:14.181968 VMMDev: Guest Log: vboxsf: g_fHostFeatures=0x8000000f g_fSfFeatures=0x1 g_uSfLastFunction=29
00:00:14.182856 VMMDev: Guest Log: vboxsf: SHFL_FN_MAP_FOLDER failed for '/vagrant': share not found
00:00:14.836969 VMMDev: Guest Log: 21:40:59.373383 main     VBoxService 6.0.10 r132072 (verbosity: 0) linux.amd64 (Jul 12 2019 11:05:23) release log
00:00:14.836993 VMMDev: Guest Log: 21:40:59.373387 main     Log opened 2023-09-13T21:40:59.373341000Z
00:00:14.837374 VMMDev: Guest Log: 21:40:59.373825 main     OS Product: Linux
00:00:14.837403 VMMDev: Guest Log: 21:40:59.373862 main     OS Release: 4.15.0-58-generic
00:00:14.837427 VMMDev: Guest Log: 21:40:59.373884 main     OS Version: #64-Ubuntu SMP Tue Aug 6 11:12:41 UTC 2019
00:00:14.837454 VMMDev: Guest Log: 21:40:59.373911 main     Executable: /opt/VBoxGuestAdditions-6.0.10/sbin/VBoxService
00:00:14.837459 VMMDev: Guest Log: 21:40:59.373912 main     Process ID: 959
00:00:14.837462 VMMDev: Guest Log: 21:40:59.373912 main     Package type: LINUX_64BITS_GENERIC
00:00:14.838491 VMMDev: Guest Log: 21:40:59.374929 main     6.0.10 r132072 started. Verbose level = 0
00:00:14.848127 VMMDev: Guest Log: 21:40:59.384569 main     vbglR3GuestCtrlDetectPeekGetCancelSupport: Supported (#1)
00:00:14.848572 Guest Control: GUEST_MSG_REPORT_FEATURES: 0x1, 0x8000000000000000
01:46:50.748948 TM: Not bothering to attempt catching up a 5 356 659 438 403 ns lag; new total: 5 356 659 438 403
01:46:50.749028 VMMDev: vmmDevHeartbeatFlatlinedTimer: Guest seems to be unresponsive. Last heartbeat received 5356 seconds ago
01:46:50.749704 VMMDev: GuestHeartBeat: Guest is alive (gone 5 356 686 319 738 ns)
01:46:50.760105 TMR3UtcNow: nsNow=1 694 647 656 817 001 475 nsPrev=1 694 642 290 509 821 000 -> cNsDelta=5 366 307 180 475 (offLag=126 125 offVirtualSync=5 356 659 564 528 offVirtualSyncGivenUp=5 356 659 438 403, NowAgain=1 694 647 656 817 127 600)
01:46:50.760280 VMMDev: Guest Log: 23:27:38.494245 timesync vgsvcTimeSyncWorker: Radical host time change: 5 366 308 000 000ns (HostNow=1 694 647 656 817 000 000 ns HostLast=1 694 642 290 509 000 000 ns)
01:46:50.760510 VMMDev: Guest Log: 23:27:38.494362 timesync vgsvcTimeSyncWorker: Radical guest time change: 5 368 990 834 000ns (GuestNow=1 694 647 658 494 186 000 ns GuestLast=1 694 642 289 503 352 000 ns fSetTimeLastLoop=false)
01:46:53.227809 NAT: DHCP offered IP address 10.0.2.15
01:46:54.749830 VMMDev: vmmDevHeartbeatFlatlinedTimer: Guest seems to be unresponsive. Last heartbeat received 4 seconds ago
01:47:44.878692 VMMDev: GuestHeartBeat: Guest is alive (gone 54 128 986 298 ns)
02:36:05.393138 TM: Giving up catch-up attempt at a 1 608 307 356 244 ns lag; new total: 6 964 966 794 647 ns
02:36:05.393236 VMMDev: vmmDevHeartbeatFlatlinedTimer: Guest seems to be unresponsive. Last heartbeat received 1609 seconds ago
02:36:05.393577 VMMDev: GuestHeartBeat: Guest is alive (gone 1 609 341 830 374 ns)
02:36:07.054591 NAT: DHCP offered IP address 10.0.2.15
02:36:09.394026 VMMDev: vmmDevHeartbeatFlatlinedTimer: Guest seems to be unresponsive. Last heartbeat received 4 seconds ago
02:39:40.954549 TM: Not bothering to attempt catching up a 205 550 626 082 ns lag; new total: 7 170 517 420 729
02:39:40.954549 VMMDev: GuestHeartBeat: Guest is alive (gone 215 560 972 955 ns)
02:39:42.870965 NAT: DHCP offered IP address 10.0.2.15
03:19:15.527104 TM: Giving up catch-up attempt at a 279 111 693 297 ns lag; new total: 7 449 629 114 026 ns
03:19:15.527214 VMMDev: vmmDevHeartbeatFlatlinedTimer: Guest seems to be unresponsive. Last heartbeat received 280 seconds ago
03:19:15.527419 VMMDev: GuestHeartBeat: Guest is alive (gone 280 485 094 015 ns)
03:19:17.370855 NAT: DHCP offered IP address 10.0.2.15
03:19:19.528299 VMMDev: vmmDevHeartbeatFlatlinedTimer: Guest seems to be unresponsive. Last heartbeat received 4 seconds ago
03:19:31.553271 VMMDev: GuestHeartBeat: Guest is alive (gone 16 025 849 332 ns)
03:24:20.170210 NAT: DNS#0: 192.168.230.1
03:24:20.170238 NAT: DNS#1: 192.168.183.2
03:24:20.170243 NAT: DNS#2: 10.1.17.11
03:24:20.170248 NAT: DNS#3: 10.1.17.12
03:24:22.264769 NAT: DNS#0: 10.1.17.11
03:24:22.264790 NAT: DNS#1: 10.1.17.12
05:11:22.902420 TM: Giving up catch-up attempt at a 6 400 898 507 828 ns lag; new total: 13 850 527 621 854 ns
05:11:22.902495 VMMDev: vmmDevHeartbeatFlatlinedTimer: Guest seems to be unresponsive. Last heartbeat received 6401 seconds ago
05:11:22.902994 VMMDev: GuestHeartBeat: Guest is alive (gone 6 401 845 242 418 ns)
05:11:22.938736 TMR3UtcNow: nsNow=1 694 659 928 991 393 512 nsPrev=1 694 653 521 605 138 750 -> cNsDelta=6 407 386 254 762 (offLag=5 078 488 offVirtualSync=13 850 532 700 342 offVirtualSyncGivenUp=13 850 527 621 854, NowAgain=1 694 659 928 996 472 000)
05:11:22.939000 VMMDev: Guest Log: 02:52:08.995163 timesync vgsvcTimeSyncWorker: Radical guest time change: 6 407 391 012 000ns (GuestNow=1 694 659 928 995 122 000 ns GuestLast=1 694 653 521 604 110 000 ns fSetTimeLastLoop=false)
05:11:24.820198 NAT: DHCP offered IP address 10.0.2.15
05:11:26.903413 VMMDev: vmmDevHeartbeatFlatlinedTimer: Guest seems to be unresponsive. Last heartbeat received 4 seconds ago
05:13:07.297288 VMMDev: GuestHeartBeat: Guest is alive (gone 104 394 303 123 ns)
05:23:29.068693 VMMDev: vmmDevHeartbeatFlatlinedTimer: Guest seems to be unresponsive. Last heartbeat received 48 seconds ago
05:23:29.068847 VMMDev: GuestHeartBeat: Guest is alive (gone 48 011 239 949 ns)
